{"C:\\Users\\Eduardo\\Desktop\\Documentos\\Fac\\2º ano\\Eco+ Project\\Código\\ecoplus\\server\\api-ecoplus\\index.js": {"path":"C:\\Users\\Eduardo\\Desktop\\Documentos\\Fac\\2º ano\\Eco+ Project\\Código\\ecoplus\\server\\api-ecoplus\\index.js","statementMap":{"0":{"start":{"line":1,"column":0},"end":{"line":1,"column":15}},"1":{"start":{"line":2,"column":16},"end":{"line":2,"column":34}},"2":{"start":{"line":3,"column":13},"end":{"line":3,"column":28}},"3":{"start":{"line":4,"column":12},"end":{"line":4,"column":21}},"4":{"start":{"line":5,"column":0},"end":{"line":5,"column":27}},"5":{"start":{"line":6,"column":13},"end":{"line":6,"column":29}},"6":{"start":{"line":7,"column":13},"end":{"line":7,"column":29}},"7":{"start":{"line":8,"column":0},"end":{"line":8,"column":24}},"8":{"start":{"line":9,"column":0},"end":{"line":9,"column":30}},"9":{"start":{"line":12,"column":0},"end":{"line":16,"column":3}},"10":{"start":{"line":13,"column":4},"end":{"line":15,"column":7}},"11":{"start":{"line":19,"column":0},"end":{"line":19,"column":64}},"12":{"start":{"line":20,"column":0},"end":{"line":20,"column":56}},"13":{"start":{"line":21,"column":0},"end":{"line":21,"column":66}},"14":{"start":{"line":22,"column":0},"end":{"line":22,"column":54}},"15":{"start":{"line":23,"column":0},"end":{"line":23,"column":60}},"16":{"start":{"line":24,"column":0},"end":{"line":24,"column":57}},"17":{"start":{"line":25,"column":0},"end":{"line":25,"column":57}},"18":{"start":{"line":28,"column":0},"end":{"line":30,"column":2}},"19":{"start":{"line":29,"column":4},"end":{"line":29,"column":80}},"20":{"start":{"line":32,"column":0},"end":{"line":32,"column":86}},"21":{"start":{"line":32,"column":29},"end":{"line":32,"column":84}},"22":{"start":{"line":34,"column":0},"end":{"line":34,"column":20}}},"fnMap":{"0":{"name":"(anonymous_0)","decl":{"start":{"line":12,"column":13},"end":{"line":12,"column":14}},"loc":{"start":{"line":12,"column":33},"end":{"line":16,"column":1}},"line":12},"1":{"name":"(anonymous_1)","decl":{"start":{"line":28,"column":13},"end":{"line":28,"column":14}},"loc":{"start":{"line":28,"column":33},"end":{"line":30,"column":1}},"line":28},"2":{"name":"(anonymous_2)","decl":{"start":{"line":32,"column":23},"end":{"line":32,"column":24}},"loc":{"start":{"line":32,"column":29},"end":{"line":32,"column":84}},"line":32}},"branchMap":{},"s":{"0":1,"1":1,"2":1,"3":1,"4":1,"5":1,"6":1,"7":1,"8":1,"9":1,"10":0,"11":1,"12":1,"13":1,"14":1,"15":1,"16":1,"17":1,"18":1,"19":0,"20":1,"21":1,"22":1},"f":{"0":0,"1":0,"2":1},"b":{},"_coverageSchema":"1a1c01bbd47fc00a2c39e90264f33305004495a9","hash":"da664b93172de57424c444502be92878663c3fad"}
,"C:\\Users\\Eduardo\\Desktop\\Documentos\\Fac\\2º ano\\Eco+ Project\\Código\\ecoplus\\server\\api-ecoplus\\config\\config.js": {"path":"C:\\Users\\Eduardo\\Desktop\\Documentos\\Fac\\2º ano\\Eco+ Project\\Código\\ecoplus\\server\\api-ecoplus\\config\\config.js","statementMap":{"0":{"start":{"line":1,"column":0},"end":{"line":3,"column":1}}},"fnMap":{},"branchMap":{},"s":{"0":1},"f":{},"b":{},"_coverageSchema":"1a1c01bbd47fc00a2c39e90264f33305004495a9","hash":"c85b3001c7e21ed3f867c505303dbce1b44114cb"}
,"C:\\Users\\Eduardo\\Desktop\\Documentos\\Fac\\2º ano\\Eco+ Project\\Código\\ecoplus\\server\\api-ecoplus\\config\\db.config.js": {"path":"C:\\Users\\Eduardo\\Desktop\\Documentos\\Fac\\2º ano\\Eco+ Project\\Código\\ecoplus\\server\\api-ecoplus\\config\\db.config.js","statementMap":{"0":{"start":{"line":1,"column":15},"end":{"line":15,"column":1}},"1":{"start":{"line":17,"column":0},"end":{"line":17,"column":24}}},"fnMap":{},"branchMap":{},"s":{"0":2,"1":2},"f":{},"b":{},"_coverageSchema":"1a1c01bbd47fc00a2c39e90264f33305004495a9","hash":"9c2bb0d64653ca4653b868fa46d725a4d25c1a8d"}
,"C:\\Users\\Eduardo\\Desktop\\Documentos\\Fac\\2º ano\\Eco+ Project\\Código\\ecoplus\\server\\api-ecoplus\\controllers\\activities.controller.js": {"path":"C:\\Users\\Eduardo\\Desktop\\Documentos\\Fac\\2º ano\\Eco+ Project\\Código\\ecoplus\\server\\api-ecoplus\\controllers\\activities.controller.js","statementMap":{"0":{"start":{"line":1,"column":11},"end":{"line":1,"column":40}},"1":{"start":{"line":2,"column":17},"end":{"line":2,"column":28}},"2":{"start":{"line":3,"column":13},"end":{"line":3,"column":20}},"3":{"start":{"line":4,"column":28},"end":{"line":4,"column":48}},"4":{"start":{"line":5,"column":26},"end":{"line":5,"column":60}},"5":{"start":{"line":6,"column":17},"end":{"line":6,"column":49}},"6":{"start":{"line":8,"column":0},"end":{"line":23,"column":2}},"7":{"start":{"line":9,"column":2},"end":{"line":22,"column":3}},"8":{"start":{"line":10,"column":4},"end":{"line":15,"column":5}},"9":{"start":{"line":11,"column":6},"end":{"line":11,"column":143}},"10":{"start":{"line":11,"column":57},"end":{"line":11,"column":143}},"11":{"start":{"line":12,"column":6},"end":{"line":12,"column":45}},"12":{"start":{"line":13,"column":21},"end":{"line":13,"column":52}},"13":{"start":{"line":14,"column":6},"end":{"line":14,"column":84}},"14":{"start":{"line":16,"column":4},"end":{"line":16,"column":83}},"15":{"start":{"line":18,"column":4},"end":{"line":21,"column":64}},"16":{"start":{"line":19,"column":6},"end":{"line":19,"column":56}},"17":{"start":{"line":21,"column":6},"end":{"line":21,"column":64}},"18":{"start":{"line":24,"column":0},"end":{"line":34,"column":1}},"19":{"start":{"line":25,"column":2},"end":{"line":33,"column":3}},"20":{"start":{"line":26,"column":21},"end":{"line":26,"column":136}},"21":{"start":{"line":27,"column":4},"end":{"line":29,"column":3}},"22":{"start":{"line":28,"column":6},"end":{"line":28,"column":70}},"23":{"start":{"line":30,"column":4},"end":{"line":30,"column":37}},"24":{"start":{"line":32,"column":4},"end":{"line":32,"column":61}},"25":{"start":{"line":35,"column":0},"end":{"line":47,"column":1}},"26":{"start":{"line":36,"column":2},"end":{"line":46,"column":3}},"27":{"start":{"line":37,"column":19},"end":{"line":37,"column":65}},"28":{"start":{"line":38,"column":4},"end":{"line":39,"column":95}},"29":{"start":{"line":39,"column":6},"end":{"line":39,"column":95}},"30":{"start":{"line":40,"column":4},"end":{"line":40,"column":35}},"31":{"start":{"line":42,"column":4},"end":{"line":45,"column":65}},"32":{"start":{"line":43,"column":8},"end":{"line":43,"column":58}},"33":{"start":{"line":45,"column":8},"end":{"line":45,"column":65}},"34":{"start":{"line":48,"column":0},"end":{"line":84,"column":1}},"35":{"start":{"line":49,"column":2},"end":{"line":83,"column":3}},"36":{"start":{"line":50,"column":4},"end":{"line":79,"column":5}},"37":{"start":{"line":51,"column":21},"end":{"line":51,"column":67}},"38":{"start":{"line":52,"column":6},"end":{"line":54,"column":7}},"39":{"start":{"line":53,"column":8},"end":{"line":53,"column":72}},"40":{"start":{"line":55,"column":6},"end":{"line":56,"column":41}},"41":{"start":{"line":55,"column":26},"end":{"line":55,"column":93}},"42":{"start":{"line":56,"column":11},"end":{"line":56,"column":41}},"43":{"start":{"line":57,"column":6},"end":{"line":58,"column":55}},"44":{"start":{"line":57,"column":33},"end":{"line":57,"column":107}},"45":{"start":{"line":58,"column":11},"end":{"line":58,"column":55}},"46":{"start":{"line":59,"column":6},"end":{"line":60,"column":43}},"47":{"start":{"line":59,"column":27},"end":{"line":59,"column":93}},"48":{"start":{"line":60,"column":11},"end":{"line":60,"column":43}},"49":{"start":{"line":61,"column":6},"end":{"line":62,"column":39}},"50":{"start":{"line":61,"column":25},"end":{"line":61,"column":89}},"51":{"start":{"line":62,"column":11},"end":{"line":62,"column":39}},"52":{"start":{"line":63,"column":6},"end":{"line":64,"column":49}},"53":{"start":{"line":63,"column":30},"end":{"line":63,"column":101}},"54":{"start":{"line":64,"column":11},"end":{"line":64,"column":49}},"55":{"start":{"line":65,"column":6},"end":{"line":66,"column":43}},"56":{"start":{"line":65,"column":27},"end":{"line":65,"column":95}},"57":{"start":{"line":66,"column":11},"end":{"line":66,"column":43}},"58":{"start":{"line":67,"column":6},"end":{"line":77,"column":9}},"59":{"start":{"line":78,"column":6},"end":{"line":78,"column":60}},"60":{"start":{"line":80,"column":4},"end":{"line":80,"column":83}},"61":{"start":{"line":82,"column":4},"end":{"line":82,"column":60}},"62":{"start":{"line":85,"column":0},"end":{"line":103,"column":1}},"63":{"start":{"line":86,"column":2},"end":{"line":102,"column":3}},"64":{"start":{"line":87,"column":4},"end":{"line":98,"column":5}},"65":{"start":{"line":88,"column":19},"end":{"line":90,"column":8}},"66":{"start":{"line":91,"column":6},"end":{"line":93,"column":7}},"67":{"start":{"line":92,"column":8},"end":{"line":92,"column":72}},"68":{"start":{"line":94,"column":6},"end":{"line":97,"column":9}},"69":{"start":{"line":99,"column":4},"end":{"line":99,"column":61}},"70":{"start":{"line":101,"column":4},"end":{"line":101,"column":60}},"71":{"start":{"line":105,"column":0},"end":{"line":117,"column":1}},"72":{"start":{"line":106,"column":2},"end":{"line":116,"column":3}},"73":{"start":{"line":107,"column":19},"end":{"line":107,"column":65}},"74":{"start":{"line":108,"column":4},"end":{"line":108,"column":112}},"75":{"start":{"line":108,"column":21},"end":{"line":108,"column":103}},"76":{"start":{"line":108,"column":104},"end":{"line":108,"column":110}},"77":{"start":{"line":109,"column":15},"end":{"line":109,"column":53}},"78":{"start":{"line":110,"column":4},"end":{"line":110,"column":33}},"79":{"start":{"line":111,"column":4},"end":{"line":111,"column":39}},"80":{"start":{"line":112,"column":4},"end":{"line":112,"column":20}},"81":{"start":{"line":113,"column":4},"end":{"line":113,"column":11}},"82":{"start":{"line":115,"column":4},"end":{"line":115,"column":62}},"83":{"start":{"line":119,"column":0},"end":{"line":129,"column":1}},"84":{"start":{"line":120,"column":2},"end":{"line":128,"column":3}},"85":{"start":{"line":121,"column":19},"end":{"line":121,"column":65}},"86":{"start":{"line":122,"column":4},"end":{"line":122,"column":112}},"87":{"start":{"line":122,"column":21},"end":{"line":122,"column":103}},"88":{"start":{"line":122,"column":104},"end":{"line":122,"column":110}},"89":{"start":{"line":123,"column":15},"end":{"line":123,"column":53}},"90":{"start":{"line":124,"column":4},"end":{"line":124,"column":36}},"91":{"start":{"line":125,"column":4},"end":{"line":125,"column":41}},"92":{"start":{"line":127,"column":4},"end":{"line":127,"column":62}},"93":{"start":{"line":131,"column":0},"end":{"line":143,"column":1}},"94":{"start":{"line":132,"column":2},"end":{"line":142,"column":3}},"95":{"start":{"line":133,"column":19},"end":{"line":133,"column":65}},"96":{"start":{"line":134,"column":4},"end":{"line":134,"column":112}},"97":{"start":{"line":134,"column":21},"end":{"line":134,"column":103}},"98":{"start":{"line":134,"column":104},"end":{"line":134,"column":110}},"99":{"start":{"line":136,"column":4},"end":{"line":136,"column":42}},"100":{"start":{"line":137,"column":4},"end":{"line":137,"column":26}},"101":{"start":{"line":138,"column":25},"end":{"line":138,"column":178}},"102":{"start":{"line":139,"column":4},"end":{"line":139,"column":38}},"103":{"start":{"line":141,"column":4},"end":{"line":141,"column":61}}},"fnMap":{"0":{"name":"(anonymous_0)","decl":{"start":{"line":8,"column":17},"end":{"line":8,"column":18}},"loc":{"start":{"line":8,"column":37},"end":{"line":23,"column":1}},"line":8},"1":{"name":"(anonymous_1)","decl":{"start":{"line":24,"column":18},"end":{"line":24,"column":19}},"loc":{"start":{"line":24,"column":38},"end":{"line":34,"column":1}},"line":24},"2":{"name":"(anonymous_2)","decl":{"start":{"line":35,"column":18},"end":{"line":35,"column":19}},"loc":{"start":{"line":35,"column":38},"end":{"line":47,"column":1}},"line":35},"3":{"name":"(anonymous_3)","decl":{"start":{"line":48,"column":15},"end":{"line":48,"column":16}},"loc":{"start":{"line":48,"column":35},"end":{"line":84,"column":1}},"line":48},"4":{"name":"(anonymous_4)","decl":{"start":{"line":85,"column":17},"end":{"line":85,"column":18}},"loc":{"start":{"line":85,"column":37},"end":{"line":103,"column":1}},"line":85},"5":{"name":"(anonymous_5)","decl":{"start":{"line":105,"column":20},"end":{"line":105,"column":21}},"loc":{"start":{"line":105,"column":46},"end":{"line":117,"column":1}},"line":105},"6":{"name":"(anonymous_6)","decl":{"start":{"line":119,"column":22},"end":{"line":119,"column":23}},"loc":{"start":{"line":119,"column":42},"end":{"line":129,"column":1}},"line":119},"7":{"name":"(anonymous_7)","decl":{"start":{"line":131,"column":27},"end":{"line":131,"column":28}},"loc":{"start":{"line":131,"column":47},"end":{"line":143,"column":1}},"line":131}},"branchMap":{"0":{"loc":{"start":{"line":10,"column":4},"end":{"line":15,"column":5}},"type":"if","locations":[{"start":{"line":10,"column":4},"end":{"line":15,"column":5}},{"start":{},"end":{}}],"line":10},"1":{"loc":{"start":{"line":11,"column":6},"end":{"line":11,"column":143}},"type":"if","locations":[{"start":{"line":11,"column":6},"end":{"line":11,"column":143}},{"start":{},"end":{}}],"line":11},"2":{"loc":{"start":{"line":18,"column":4},"end":{"line":21,"column":64}},"type":"if","locations":[{"start":{"line":18,"column":4},"end":{"line":21,"column":64}},{"start":{"line":21,"column":6},"end":{"line":21,"column":64}}],"line":18},"3":{"loc":{"start":{"line":27,"column":4},"end":{"line":29,"column":3}},"type":"if","locations":[{"start":{"line":27,"column":4},"end":{"line":29,"column":3}},{"start":{},"end":{}}],"line":27},"4":{"loc":{"start":{"line":38,"column":4},"end":{"line":39,"column":95}},"type":"if","locations":[{"start":{"line":38,"column":4},"end":{"line":39,"column":95}},{"start":{},"end":{}}],"line":38},"5":{"loc":{"start":{"line":42,"column":4},"end":{"line":45,"column":65}},"type":"if","locations":[{"start":{"line":42,"column":4},"end":{"line":45,"column":65}},{"start":{"line":45,"column":8},"end":{"line":45,"column":65}}],"line":42},"6":{"loc":{"start":{"line":50,"column":4},"end":{"line":79,"column":5}},"type":"if","locations":[{"start":{"line":50,"column":4},"end":{"line":79,"column":5}},{"start":{},"end":{}}],"line":50},"7":{"loc":{"start":{"line":52,"column":6},"end":{"line":54,"column":7}},"type":"if","locations":[{"start":{"line":52,"column":6},"end":{"line":54,"column":7}},{"start":{},"end":{}}],"line":52},"8":{"loc":{"start":{"line":55,"column":6},"end":{"line":56,"column":41}},"type":"if","locations":[{"start":{"line":55,"column":6},"end":{"line":56,"column":41}},{"start":{"line":56,"column":11},"end":{"line":56,"column":41}}],"line":55},"9":{"loc":{"start":{"line":57,"column":6},"end":{"line":58,"column":55}},"type":"if","locations":[{"start":{"line":57,"column":6},"end":{"line":58,"column":55}},{"start":{"line":58,"column":11},"end":{"line":58,"column":55}}],"line":57},"10":{"loc":{"start":{"line":59,"column":6},"end":{"line":60,"column":43}},"type":"if","locations":[{"start":{"line":59,"column":6},"end":{"line":60,"column":43}},{"start":{"line":60,"column":11},"end":{"line":60,"column":43}}],"line":59},"11":{"loc":{"start":{"line":61,"column":6},"end":{"line":62,"column":39}},"type":"if","locations":[{"start":{"line":61,"column":6},"end":{"line":62,"column":39}},{"start":{"line":62,"column":11},"end":{"line":62,"column":39}}],"line":61},"12":{"loc":{"start":{"line":63,"column":6},"end":{"line":64,"column":49}},"type":"if","locations":[{"start":{"line":63,"column":6},"end":{"line":64,"column":49}},{"start":{"line":64,"column":11},"end":{"line":64,"column":49}}],"line":63},"13":{"loc":{"start":{"line":65,"column":6},"end":{"line":66,"column":43}},"type":"if","locations":[{"start":{"line":65,"column":6},"end":{"line":66,"column":43}},{"start":{"line":66,"column":11},"end":{"line":66,"column":43}}],"line":65},"14":{"loc":{"start":{"line":87,"column":4},"end":{"line":98,"column":5}},"type":"if","locations":[{"start":{"line":87,"column":4},"end":{"line":98,"column":5}},{"start":{},"end":{}}],"line":87},"15":{"loc":{"start":{"line":91,"column":6},"end":{"line":93,"column":7}},"type":"if","locations":[{"start":{"line":91,"column":6},"end":{"line":93,"column":7}},{"start":{},"end":{}}],"line":91},"16":{"loc":{"start":{"line":108,"column":4},"end":{"line":108,"column":112}},"type":"if","locations":[{"start":{"line":108,"column":4},"end":{"line":108,"column":112}},{"start":{},"end":{}}],"line":108},"17":{"loc":{"start":{"line":122,"column":4},"end":{"line":122,"column":112}},"type":"if","locations":[{"start":{"line":122,"column":4},"end":{"line":122,"column":112}},{"start":{},"end":{}}],"line":122},"18":{"loc":{"start":{"line":134,"column":4},"end":{"line":134,"column":112}},"type":"if","locations":[{"start":{"line":134,"column":4},"end":{"line":134,"column":112}},{"start":{},"end":{}}],"line":134}},"s":{"0":1,"1":1,"2":1,"3":1,"4":1,"5":1,"6":1,"7":0,"8":0,"9":0,"10":0,"11":0,"12":0,"13":0,"14":0,"15":0,"16":0,"17":0,"18":1,"19":0,"20":0,"21":0,"22":0,"23":0,"24":0,"25":1,"26":0,"27":0,"28":0,"29":0,"30":0,"31":0,"32":0,"33":0,"34":1,"35":0,"36":0,"37":0,"38":0,"39":0,"40":0,"41":0,"42":0,"43":0,"44":0,"45":0,"46":0,"47":0,"48":0,"49":0,"50":0,"51":0,"52":0,"53":0,"54":0,"55":0,"56":0,"57":0,"58":0,"59":0,"60":0,"61":0,"62":1,"63":0,"64":0,"65":0,"66":0,"67":0,"68":0,"69":0,"70":0,"71":1,"72":0,"73":0,"74":0,"75":0,"76":0,"77":0,"78":0,"79":0,"80":0,"81":0,"82":0,"83":1,"84":0,"85":0,"86":0,"87":0,"88":0,"89":0,"90":0,"91":0,"92":0,"93":1,"94":0,"95":0,"96":0,"97":0,"98":0,"99":0,"100":0,"101":0,"102":0,"103":0},"f":{"0":0,"1":0,"2":0,"3":0,"4":0,"5":0,"6":0,"7":0},"b":{"0":[0,0],"1":[0,0],"2":[0,0],"3":[0,0],"4":[0,0],"5":[0,0],"6":[0,0],"7":[0,0],"8":[0,0],"9":[0,0],"10":[0,0],"11":[0,0],"12":[0,0],"13":[0,0],"14":[0,0],"15":[0,0],"16":[0,0],"17":[0,0],"18":[0,0]},"_coverageSchema":"1a1c01bbd47fc00a2c39e90264f33305004495a9","hash":"01e8c28bf1d693ff1f4a3c066e63ff4cf394ff17"}
,"C:\\Users\\Eduardo\\Desktop\\Documentos\\Fac\\2º ano\\Eco+ Project\\Código\\ecoplus\\server\\api-ecoplus\\controllers\\auth.controller.js": {"path":"C:\\Users\\Eduardo\\Desktop\\Documentos\\Fac\\2º ano\\Eco+ Project\\Código\\ecoplus\\server\\api-ecoplus\\controllers\\auth.controller.js","statementMap":{"0":{"start":{"line":1,"column":12},"end":{"line":1,"column":35}},"1":{"start":{"line":2,"column":15},"end":{"line":2,"column":45}},"2":{"start":{"line":3,"column":29},"end":{"line":3,"column":61}},"3":{"start":{"line":6,"column":0},"end":{"line":18,"column":2}},"4":{"start":{"line":8,"column":19},"end":{"line":8,"column":77}},"5":{"start":{"line":9,"column":4},"end":{"line":10,"column":83}},"6":{"start":{"line":10,"column":8},"end":{"line":10,"column":83}},"7":{"start":{"line":11,"column":4},"end":{"line":17,"column":5}},"8":{"start":{"line":12,"column":22},"end":{"line":12,"column":55}},"9":{"start":{"line":13,"column":8},"end":{"line":13,"column":63}},"10":{"start":{"line":14,"column":8},"end":{"line":14,"column":15}},"11":{"start":{"line":16,"column":8},"end":{"line":16,"column":56}}},"fnMap":{"0":{"name":"(anonymous_0)","decl":{"start":{"line":6,"column":22},"end":{"line":6,"column":23}},"loc":{"start":{"line":6,"column":42},"end":{"line":18,"column":1}},"line":6}},"branchMap":{"0":{"loc":{"start":{"line":8,"column":19},"end":{"line":8,"column":77}},"type":"binary-expr","locations":[{"start":{"line":8,"column":19},"end":{"line":8,"column":48}},{"start":{"line":8,"column":52},"end":{"line":8,"column":77}}],"line":8},"1":{"loc":{"start":{"line":9,"column":4},"end":{"line":10,"column":83}},"type":"if","locations":[{"start":{"line":9,"column":4},"end":{"line":10,"column":83}},{"start":{},"end":{}}],"line":9}},"s":{"0":1,"1":1,"2":1,"3":1,"4":8,"5":8,"6":2,"7":6,"8":6,"9":6,"10":6,"11":0},"f":{"0":8},"b":{"0":[8,8],"1":[2,6]},"_coverageSchema":"1a1c01bbd47fc00a2c39e90264f33305004495a9","hash":"ecdb3ddae12c119f88f7a930b748591d7e599702"}
,"C:\\Users\\Eduardo\\Desktop\\Documentos\\Fac\\2º ano\\Eco+ Project\\Código\\ecoplus\\server\\api-ecoplus\\controllers\\badges.controller.js": {"path":"C:\\Users\\Eduardo\\Desktop\\Documentos\\Fac\\2º ano\\Eco+ Project\\Código\\ecoplus\\server\\api-ecoplus\\controllers\\badges.controller.js","statementMap":{"0":{"start":{"line":1,"column":11},"end":{"line":1,"column":37}},"1":{"start":{"line":2,"column":14},"end":{"line":2,"column":22}},"2":{"start":{"line":3,"column":13},"end":{"line":3,"column":20}},"3":{"start":{"line":4,"column":17},"end":{"line":4,"column":49}},"4":{"start":{"line":6,"column":0},"end":{"line":15,"column":2}},"5":{"start":{"line":7,"column":4},"end":{"line":14,"column":5}},"6":{"start":{"line":8,"column":20},"end":{"line":8,"column":41}},"7":{"start":{"line":10,"column":8},"end":{"line":10,"column":36}},"8":{"start":{"line":13,"column":8},"end":{"line":13,"column":66}},"9":{"start":{"line":17,"column":0},"end":{"line":26,"column":2}},"10":{"start":{"line":18,"column":4},"end":{"line":25,"column":5}},"11":{"start":{"line":19,"column":20},"end":{"line":19,"column":55}},"12":{"start":{"line":20,"column":8},"end":{"line":22,"column":43}},"13":{"start":{"line":21,"column":12},"end":{"line":21,"column":76}},"14":{"start":{"line":22,"column":15},"end":{"line":22,"column":43}},"15":{"start":{"line":24,"column":8},"end":{"line":24,"column":66}},"16":{"start":{"line":29,"column":0},"end":{"line":65,"column":2}},"17":{"start":{"line":30,"column":4},"end":{"line":64,"column":5}},"18":{"start":{"line":31,"column":20},"end":{"line":31,"column":22}},"19":{"start":{"line":32,"column":8},"end":{"line":61,"column":9}},"20":{"start":{"line":36,"column":16},"end":{"line":36,"column":112}},"21":{"start":{"line":36,"column":55},"end":{"line":36,"column":103}},"22":{"start":{"line":36,"column":104},"end":{"line":36,"column":110}},"23":{"start":{"line":39,"column":16},"end":{"line":39,"column":105}},"24":{"start":{"line":39,"column":38},"end":{"line":39,"column":96}},"25":{"start":{"line":39,"column":97},"end":{"line":39,"column":103}},"26":{"start":{"line":40,"column":16},"end":{"line":40,"column":119}},"27":{"start":{"line":40,"column":45},"end":{"line":40,"column":110}},"28":{"start":{"line":40,"column":111},"end":{"line":40,"column":117}},"29":{"start":{"line":41,"column":16},"end":{"line":41,"column":123}},"30":{"start":{"line":41,"column":47},"end":{"line":41,"column":114}},"31":{"start":{"line":41,"column":115},"end":{"line":41,"column":121}},"32":{"start":{"line":42,"column":16},"end":{"line":42,"column":107}},"33":{"start":{"line":42,"column":39},"end":{"line":42,"column":98}},"34":{"start":{"line":42,"column":99},"end":{"line":42,"column":105}},"35":{"start":{"line":46,"column":16},"end":{"line":47,"column":48}},"36":{"start":{"line":46,"column":57},"end":{"line":46,"column":125}},"37":{"start":{"line":46,"column":126},"end":{"line":46,"column":132}},"38":{"start":{"line":47,"column":21},"end":{"line":47,"column":48}},"39":{"start":{"line":49,"column":16},"end":{"line":50,"column":62}},"40":{"start":{"line":49,"column":64},"end":{"line":49,"column":139}},"41":{"start":{"line":49,"column":140},"end":{"line":49,"column":146}},"42":{"start":{"line":50,"column":21},"end":{"line":50,"column":62}},"43":{"start":{"line":52,"column":16},"end":{"line":53,"column":66}},"44":{"start":{"line":52,"column":66},"end":{"line":52,"column":143}},"45":{"start":{"line":52,"column":144},"end":{"line":52,"column":150}},"46":{"start":{"line":53,"column":21},"end":{"line":53,"column":66}},"47":{"start":{"line":55,"column":16},"end":{"line":56,"column":50}},"48":{"start":{"line":55,"column":58},"end":{"line":55,"column":127}},"49":{"start":{"line":55,"column":128},"end":{"line":55,"column":134}},"50":{"start":{"line":56,"column":21},"end":{"line":56,"column":50}},"51":{"start":{"line":59,"column":31},"end":{"line":59,"column":56}},"52":{"start":{"line":60,"column":16},"end":{"line":60,"column":84}},"53":{"start":{"line":63,"column":8},"end":{"line":63,"column":66}},"54":{"start":{"line":67,"column":0},"end":{"line":78,"column":2}},"55":{"start":{"line":68,"column":4},"end":{"line":77,"column":5}},"56":{"start":{"line":69,"column":8},"end":{"line":74,"column":9}},"57":{"start":{"line":70,"column":12},"end":{"line":70,"column":66}},"58":{"start":{"line":71,"column":12},"end":{"line":71,"column":94}},"59":{"start":{"line":73,"column":12},"end":{"line":73,"column":60}},"60":{"start":{"line":76,"column":8},"end":{"line":76,"column":66}},"61":{"start":{"line":81,"column":0},"end":{"line":95,"column":2}},"62":{"start":{"line":82,"column":4},"end":{"line":94,"column":5}},"63":{"start":{"line":83,"column":23},"end":{"line":83,"column":81}},"64":{"start":{"line":84,"column":8},"end":{"line":91,"column":15}},"65":{"start":{"line":86,"column":16},"end":{"line":90,"column":19}},"66":{"start":{"line":87,"column":20},"end":{"line":89,"column":21}},"67":{"start":{"line":88,"column":24},"end":{"line":88,"column":55}},"68":{"start":{"line":93,"column":8},"end":{"line":93,"column":25}},"69":{"start":{"line":97,"column":0},"end":{"line":115,"column":2}},"70":{"start":{"line":98,"column":4},"end":{"line":114,"column":5}},"71":{"start":{"line":99,"column":8},"end":{"line":99,"column":80}},"72":{"start":{"line":99,"column":23},"end":{"line":99,"column":80}},"73":{"start":{"line":100,"column":8},"end":{"line":100,"column":33}},"74":{"start":{"line":101,"column":23},"end":{"line":101,"column":84}},"75":{"start":{"line":102,"column":8},"end":{"line":102,"column":29}},"76":{"start":{"line":103,"column":8},"end":{"line":111,"column":15}},"77":{"start":{"line":105,"column":16},"end":{"line":105,"column":41}},"78":{"start":{"line":106,"column":16},"end":{"line":110,"column":19}},"79":{"start":{"line":107,"column":20},"end":{"line":109,"column":21}},"80":{"start":{"line":108,"column":24},"end":{"line":108,"column":55}},"81":{"start":{"line":113,"column":8},"end":{"line":113,"column":25}},"82":{"start":{"line":116,"column":0},"end":{"line":130,"column":2}},"83":{"start":{"line":117,"column":4},"end":{"line":129,"column":5}},"84":{"start":{"line":118,"column":23},"end":{"line":118,"column":86}},"85":{"start":{"line":119,"column":8},"end":{"line":126,"column":15}},"86":{"start":{"line":121,"column":16},"end":{"line":125,"column":19}},"87":{"start":{"line":122,"column":20},"end":{"line":124,"column":21}},"88":{"start":{"line":123,"column":24},"end":{"line":123,"column":55}},"89":{"start":{"line":128,"column":8},"end":{"line":128,"column":25}},"90":{"start":{"line":131,"column":0},"end":{"line":145,"column":2}},"91":{"start":{"line":132,"column":4},"end":{"line":144,"column":5}},"92":{"start":{"line":133,"column":23},"end":{"line":133,"column":83}},"93":{"start":{"line":134,"column":8},"end":{"line":141,"column":15}},"94":{"start":{"line":136,"column":16},"end":{"line":140,"column":19}},"95":{"start":{"line":137,"column":20},"end":{"line":139,"column":21}},"96":{"start":{"line":138,"column":24},"end":{"line":138,"column":55}},"97":{"start":{"line":143,"column":8},"end":{"line":143,"column":25}}},"fnMap":{"0":{"name":"(anonymous_0)","decl":{"start":{"line":6,"column":18},"end":{"line":6,"column":19}},"loc":{"start":{"line":6,"column":38},"end":{"line":15,"column":1}},"line":6},"1":{"name":"(anonymous_1)","decl":{"start":{"line":17,"column":19},"end":{"line":17,"column":20}},"loc":{"start":{"line":17,"column":39},"end":{"line":26,"column":1}},"line":17},"2":{"name":"(anonymous_2)","decl":{"start":{"line":29,"column":17},"end":{"line":29,"column":18}},"loc":{"start":{"line":29,"column":37},"end":{"line":65,"column":1}},"line":29},"3":{"name":"(anonymous_3)","decl":{"start":{"line":67,"column":17},"end":{"line":67,"column":18}},"loc":{"start":{"line":67,"column":37},"end":{"line":78,"column":1}},"line":67},"4":{"name":"(anonymous_4)","decl":{"start":{"line":81,"column":22},"end":{"line":81,"column":23}},"loc":{"start":{"line":81,"column":42},"end":{"line":95,"column":1}},"line":81},"5":{"name":"(anonymous_5)","decl":{"start":{"line":85,"column":18},"end":{"line":85,"column":19}},"loc":{"start":{"line":85,"column":27},"end":{"line":91,"column":13}},"line":85},"6":{"name":"(anonymous_6)","decl":{"start":{"line":86,"column":31},"end":{"line":86,"column":32}},"loc":{"start":{"line":86,"column":46},"end":{"line":90,"column":17}},"line":86},"7":{"name":"(anonymous_7)","decl":{"start":{"line":97,"column":25},"end":{"line":97,"column":26}},"loc":{"start":{"line":97,"column":45},"end":{"line":115,"column":1}},"line":97},"8":{"name":"(anonymous_8)","decl":{"start":{"line":104,"column":18},"end":{"line":104,"column":19}},"loc":{"start":{"line":104,"column":27},"end":{"line":111,"column":13}},"line":104},"9":{"name":"(anonymous_9)","decl":{"start":{"line":106,"column":31},"end":{"line":106,"column":32}},"loc":{"start":{"line":106,"column":46},"end":{"line":110,"column":17}},"line":106},"10":{"name":"(anonymous_10)","decl":{"start":{"line":116,"column":27},"end":{"line":116,"column":28}},"loc":{"start":{"line":116,"column":47},"end":{"line":130,"column":1}},"line":116},"11":{"name":"(anonymous_11)","decl":{"start":{"line":120,"column":18},"end":{"line":120,"column":19}},"loc":{"start":{"line":120,"column":27},"end":{"line":126,"column":13}},"line":120},"12":{"name":"(anonymous_12)","decl":{"start":{"line":121,"column":31},"end":{"line":121,"column":32}},"loc":{"start":{"line":121,"column":46},"end":{"line":125,"column":17}},"line":121},"13":{"name":"(anonymous_13)","decl":{"start":{"line":131,"column":24},"end":{"line":131,"column":25}},"loc":{"start":{"line":131,"column":44},"end":{"line":145,"column":1}},"line":131},"14":{"name":"(anonymous_14)","decl":{"start":{"line":135,"column":18},"end":{"line":135,"column":19}},"loc":{"start":{"line":135,"column":27},"end":{"line":141,"column":13}},"line":135},"15":{"name":"(anonymous_15)","decl":{"start":{"line":136,"column":31},"end":{"line":136,"column":32}},"loc":{"start":{"line":136,"column":46},"end":{"line":140,"column":17}},"line":136}},"branchMap":{"0":{"loc":{"start":{"line":20,"column":8},"end":{"line":22,"column":43}},"type":"if","locations":[{"start":{"line":20,"column":8},"end":{"line":22,"column":43}},{"start":{"line":22,"column":15},"end":{"line":22,"column":43}}],"line":20},"1":{"loc":{"start":{"line":32,"column":8},"end":{"line":61,"column":9}},"type":"switch","locations":[{"start":{"line":33,"column":12},"end":{"line":56,"column":50}},{"start":{"line":58,"column":12},"end":{"line":60,"column":84}}],"line":32},"2":{"loc":{"start":{"line":36,"column":16},"end":{"line":36,"column":112}},"type":"if","locations":[{"start":{"line":36,"column":16},"end":{"line":36,"column":112}},{"start":{},"end":{}}],"line":36},"3":{"loc":{"start":{"line":39,"column":16},"end":{"line":39,"column":105}},"type":"if","locations":[{"start":{"line":39,"column":16},"end":{"line":39,"column":105}},{"start":{},"end":{}}],"line":39},"4":{"loc":{"start":{"line":40,"column":16},"end":{"line":40,"column":119}},"type":"if","locations":[{"start":{"line":40,"column":16},"end":{"line":40,"column":119}},{"start":{},"end":{}}],"line":40},"5":{"loc":{"start":{"line":41,"column":16},"end":{"line":41,"column":123}},"type":"if","locations":[{"start":{"line":41,"column":16},"end":{"line":41,"column":123}},{"start":{},"end":{}}],"line":41},"6":{"loc":{"start":{"line":42,"column":16},"end":{"line":42,"column":107}},"type":"if","locations":[{"start":{"line":42,"column":16},"end":{"line":42,"column":107}},{"start":{},"end":{}}],"line":42},"7":{"loc":{"start":{"line":46,"column":16},"end":{"line":47,"column":48}},"type":"if","locations":[{"start":{"line":46,"column":16},"end":{"line":47,"column":48}},{"start":{"line":47,"column":21},"end":{"line":47,"column":48}}],"line":46},"8":{"loc":{"start":{"line":49,"column":16},"end":{"line":50,"column":62}},"type":"if","locations":[{"start":{"line":49,"column":16},"end":{"line":50,"column":62}},{"start":{"line":50,"column":21},"end":{"line":50,"column":62}}],"line":49},"9":{"loc":{"start":{"line":52,"column":16},"end":{"line":53,"column":66}},"type":"if","locations":[{"start":{"line":52,"column":16},"end":{"line":53,"column":66}},{"start":{"line":53,"column":21},"end":{"line":53,"column":66}}],"line":52},"10":{"loc":{"start":{"line":55,"column":16},"end":{"line":56,"column":50}},"type":"if","locations":[{"start":{"line":55,"column":16},"end":{"line":56,"column":50}},{"start":{"line":56,"column":21},"end":{"line":56,"column":50}}],"line":55},"11":{"loc":{"start":{"line":69,"column":8},"end":{"line":74,"column":9}},"type":"if","locations":[{"start":{"line":69,"column":8},"end":{"line":74,"column":9}},{"start":{"line":72,"column":15},"end":{"line":74,"column":9}}],"line":69},"12":{"loc":{"start":{"line":87,"column":20},"end":{"line":89,"column":21}},"type":"if","locations":[{"start":{"line":87,"column":20},"end":{"line":89,"column":21}},{"start":{},"end":{}}],"line":87},"13":{"loc":{"start":{"line":99,"column":8},"end":{"line":99,"column":80}},"type":"if","locations":[{"start":{"line":99,"column":8},"end":{"line":99,"column":80}},{"start":{},"end":{}}],"line":99},"14":{"loc":{"start":{"line":107,"column":20},"end":{"line":109,"column":21}},"type":"if","locations":[{"start":{"line":107,"column":20},"end":{"line":109,"column":21}},{"start":{},"end":{}}],"line":107},"15":{"loc":{"start":{"line":122,"column":20},"end":{"line":124,"column":21}},"type":"if","locations":[{"start":{"line":122,"column":20},"end":{"line":124,"column":21}},{"start":{},"end":{}}],"line":122},"16":{"loc":{"start":{"line":137,"column":20},"end":{"line":139,"column":21}},"type":"if","locations":[{"start":{"line":137,"column":20},"end":{"line":139,"column":21}},{"start":{},"end":{}}],"line":137}},"s":{"0":1,"1":1,"2":1,"3":1,"4":1,"5":0,"6":0,"7":0,"8":0,"9":1,"10":0,"11":0,"12":0,"13":0,"14":0,"15":0,"16":1,"17":0,"18":0,"19":0,"20":0,"21":0,"22":0,"23":0,"24":0,"25":0,"26":0,"27":0,"28":0,"29":0,"30":0,"31":0,"32":0,"33":0,"34":0,"35":0,"36":0,"37":0,"38":0,"39":0,"40":0,"41":0,"42":0,"43":0,"44":0,"45":0,"46":0,"47":0,"48":0,"49":0,"50":0,"51":0,"52":0,"53":0,"54":1,"55":0,"56":0,"57":0,"58":0,"59":0,"60":0,"61":1,"62":0,"63":0,"64":0,"65":0,"66":0,"67":0,"68":0,"69":1,"70":0,"71":0,"72":0,"73":0,"74":0,"75":0,"76":0,"77":0,"78":0,"79":0,"80":0,"81":0,"82":1,"83":0,"84":0,"85":0,"86":0,"87":0,"88":0,"89":0,"90":1,"91":0,"92":0,"93":0,"94":0,"95":0,"96":0,"97":0},"f":{"0":0,"1":0,"2":0,"3":0,"4":0,"5":0,"6":0,"7":0,"8":0,"9":0,"10":0,"11":0,"12":0,"13":0,"14":0,"15":0},"b":{"0":[0,0],"1":[0,0],"2":[0,0],"3":[0,0],"4":[0,0],"5":[0,0],"6":[0,0],"7":[0,0],"8":[0,0],"9":[0,0],"10":[0,0],"11":[0,0],"12":[0,0],"13":[0,0],"14":[0,0],"15":[0,0],"16":[0,0]},"_coverageSchema":"1a1c01bbd47fc00a2c39e90264f33305004495a9","hash":"06af7b0f87c0cd387c7c5134bab06561003628ec"}
,"C:\\Users\\Eduardo\\Desktop\\Documentos\\Fac\\2º ano\\Eco+ Project\\Código\\ecoplus\\server\\api-ecoplus\\controllers\\comments.controller.js": {"path":"C:\\Users\\Eduardo\\Desktop\\Documentos\\Fac\\2º ano\\Eco+ Project\\Código\\ecoplus\\server\\api-ecoplus\\controllers\\comments.controller.js","statementMap":{"0":{"start":{"line":1,"column":11},"end":{"line":1,"column":37}},"1":{"start":{"line":2,"column":16},"end":{"line":2,"column":26}},"2":{"start":{"line":3,"column":15},"end":{"line":3,"column":24}},"3":{"start":{"line":4,"column":17},"end":{"line":4,"column":49}},"4":{"start":{"line":5,"column":19},"end":{"line":5,"column":56}},"5":{"start":{"line":7,"column":0},"end":{"line":31,"column":1}},"6":{"start":{"line":8,"column":4},"end":{"line":30,"column":5}},"7":{"start":{"line":9,"column":22},"end":{"line":9,"column":24}},"8":{"start":{"line":10,"column":8},"end":{"line":10,"column":50}},"9":{"start":{"line":12,"column":8},"end":{"line":16,"column":9}},"10":{"start":{"line":13,"column":12},"end":{"line":13,"column":48}},"11":{"start":{"line":15,"column":12},"end":{"line":15,"column":54}},"12":{"start":{"line":18,"column":8},"end":{"line":18,"column":42}},"13":{"start":{"line":21,"column":25},"end":{"line":21,"column":54}},"14":{"start":{"line":22,"column":8},"end":{"line":26,"column":12}},"15":{"start":{"line":27,"column":8},"end":{"line":27,"column":15}},"16":{"start":{"line":29,"column":8},"end":{"line":29,"column":66}},"17":{"start":{"line":33,"column":0},"end":{"line":54,"column":1}},"18":{"start":{"line":34,"column":4},"end":{"line":53,"column":5}},"19":{"start":{"line":35,"column":22},"end":{"line":35,"column":66}},"20":{"start":{"line":36,"column":8},"end":{"line":36,"column":38}},"21":{"start":{"line":37,"column":8},"end":{"line":48,"column":9}},"22":{"start":{"line":39,"column":12},"end":{"line":47,"column":13}},"23":{"start":{"line":40,"column":16},"end":{"line":40,"column":58}},"24":{"start":{"line":41,"column":16},"end":{"line":41,"column":37}},"25":{"start":{"line":43,"column":16},"end":{"line":46,"column":20}},"26":{"start":{"line":52,"column":8},"end":{"line":52,"column":66}},"27":{"start":{"line":56,"column":0},"end":{"line":71,"column":1}},"28":{"start":{"line":57,"column":4},"end":{"line":70,"column":5}},"29":{"start":{"line":60,"column":8},"end":{"line":66,"column":9}},"30":{"start":{"line":61,"column":12},"end":{"line":61,"column":84}},"31":{"start":{"line":62,"column":12},"end":{"line":62,"column":42}},"32":{"start":{"line":64,"column":12},"end":{"line":64,"column":90}},"33":{"start":{"line":65,"column":12},"end":{"line":65,"column":42}},"34":{"start":{"line":69,"column":8},"end":{"line":69,"column":66}},"35":{"start":{"line":73,"column":0},"end":{"line":97,"column":1}},"36":{"start":{"line":74,"column":4},"end":{"line":96,"column":5}},"37":{"start":{"line":75,"column":22},"end":{"line":75,"column":66}},"38":{"start":{"line":77,"column":8},"end":{"line":92,"column":9}},"39":{"start":{"line":79,"column":12},"end":{"line":83,"column":13}},"40":{"start":{"line":80,"column":16},"end":{"line":80,"column":45}},"41":{"start":{"line":82,"column":16},"end":{"line":82,"column":82}},"42":{"start":{"line":87,"column":12},"end":{"line":91,"column":13}},"43":{"start":{"line":88,"column":16},"end":{"line":88,"column":45}},"44":{"start":{"line":90,"column":16},"end":{"line":90,"column":82}},"45":{"start":{"line":95,"column":8},"end":{"line":95,"column":66}},"46":{"start":{"line":99,"column":0},"end":{"line":115,"column":1}},"47":{"start":{"line":100,"column":4},"end":{"line":114,"column":5}},"48":{"start":{"line":101,"column":22},"end":{"line":101,"column":66}},"49":{"start":{"line":103,"column":8},"end":{"line":111,"column":9}},"50":{"start":{"line":104,"column":12},"end":{"line":104,"column":70}},"51":{"start":{"line":105,"column":12},"end":{"line":108,"column":16}},"52":{"start":{"line":110,"column":12},"end":{"line":110,"column":59}},"53":{"start":{"line":113,"column":8},"end":{"line":113,"column":66}}},"fnMap":{"0":{"name":"(anonymous_0)","decl":{"start":{"line":7,"column":17},"end":{"line":7,"column":18}},"loc":{"start":{"line":7,"column":43},"end":{"line":31,"column":1}},"line":7},"1":{"name":"(anonymous_1)","decl":{"start":{"line":33,"column":15},"end":{"line":33,"column":16}},"loc":{"start":{"line":33,"column":35},"end":{"line":54,"column":1}},"line":33},"2":{"name":"(anonymous_2)","decl":{"start":{"line":56,"column":18},"end":{"line":56,"column":19}},"loc":{"start":{"line":56,"column":38},"end":{"line":71,"column":1}},"line":56},"3":{"name":"(anonymous_3)","decl":{"start":{"line":73,"column":18},"end":{"line":73,"column":19}},"loc":{"start":{"line":73,"column":38},"end":{"line":97,"column":1}},"line":73},"4":{"name":"(anonymous_4)","decl":{"start":{"line":99,"column":17},"end":{"line":99,"column":18}},"loc":{"start":{"line":99,"column":37},"end":{"line":115,"column":1}},"line":99}},"branchMap":{"0":{"loc":{"start":{"line":12,"column":8},"end":{"line":16,"column":9}},"type":"if","locations":[{"start":{"line":12,"column":8},"end":{"line":16,"column":9}},{"start":{"line":14,"column":15},"end":{"line":16,"column":9}}],"line":12},"1":{"loc":{"start":{"line":37,"column":8},"end":{"line":48,"column":9}},"type":"if","locations":[{"start":{"line":37,"column":8},"end":{"line":48,"column":9}},{"start":{},"end":{}}],"line":37},"2":{"loc":{"start":{"line":39,"column":12},"end":{"line":47,"column":13}},"type":"if","locations":[{"start":{"line":39,"column":12},"end":{"line":47,"column":13}},{"start":{},"end":{}}],"line":39},"3":{"loc":{"start":{"line":60,"column":8},"end":{"line":66,"column":9}},"type":"if","locations":[{"start":{"line":60,"column":8},"end":{"line":66,"column":9}},{"start":{"line":63,"column":15},"end":{"line":66,"column":9}}],"line":60},"4":{"loc":{"start":{"line":77,"column":8},"end":{"line":92,"column":9}},"type":"if","locations":[{"start":{"line":77,"column":8},"end":{"line":92,"column":9}},{"start":{"line":85,"column":15},"end":{"line":92,"column":9}}],"line":77},"5":{"loc":{"start":{"line":79,"column":12},"end":{"line":83,"column":13}},"type":"if","locations":[{"start":{"line":79,"column":12},"end":{"line":83,"column":13}},{"start":{"line":81,"column":19},"end":{"line":83,"column":13}}],"line":79},"6":{"loc":{"start":{"line":87,"column":12},"end":{"line":91,"column":13}},"type":"if","locations":[{"start":{"line":87,"column":12},"end":{"line":91,"column":13}},{"start":{"line":89,"column":19},"end":{"line":91,"column":13}}],"line":87},"7":{"loc":{"start":{"line":103,"column":8},"end":{"line":111,"column":9}},"type":"if","locations":[{"start":{"line":103,"column":8},"end":{"line":111,"column":9}},{"start":{"line":109,"column":15},"end":{"line":111,"column":9}}],"line":103},"8":{"loc":{"start":{"line":103,"column":11},"end":{"line":103,"column":80}},"type":"binary-expr","locations":[{"start":{"line":103,"column":11},"end":{"line":103,"column":46}},{"start":{"line":103,"column":50},"end":{"line":103,"column":80}}],"line":103}},"s":{"0":1,"1":1,"2":1,"3":1,"4":1,"5":1,"6":0,"7":0,"8":0,"9":0,"10":0,"11":0,"12":0,"13":0,"14":0,"15":0,"16":0,"17":1,"18":0,"19":0,"20":0,"21":0,"22":0,"23":0,"24":0,"25":0,"26":0,"27":1,"28":0,"29":0,"30":0,"31":0,"32":0,"33":0,"34":0,"35":1,"36":0,"37":0,"38":0,"39":0,"40":0,"41":0,"42":0,"43":0,"44":0,"45":0,"46":1,"47":0,"48":0,"49":0,"50":0,"51":0,"52":0,"53":0},"f":{"0":0,"1":0,"2":0,"3":0,"4":0},"b":{"0":[0,0],"1":[0,0],"2":[0,0],"3":[0,0],"4":[0,0],"5":[0,0],"6":[0,0],"7":[0,0],"8":[0,0]},"_coverageSchema":"1a1c01bbd47fc00a2c39e90264f33305004495a9","hash":"3c8838bb3957fae3d4856cafa122e2942281bede"}
,"C:\\Users\\Eduardo\\Desktop\\Documentos\\Fac\\2º ano\\Eco+ Project\\Código\\ecoplus\\server\\api-ecoplus\\controllers\\events.controller.js": {"path":"C:\\Users\\Eduardo\\Desktop\\Documentos\\Fac\\2º ano\\Eco+ Project\\Código\\ecoplus\\server\\api-ecoplus\\controllers\\events.controller.js","statementMap":{"0":{"start":{"line":1,"column":11},"end":{"line":1,"column":37}},"1":{"start":{"line":2,"column":13},"end":{"line":2,"column":20}},"2":{"start":{"line":3,"column":14},"end":{"line":3,"column":22}},"3":{"start":{"line":4,"column":61},"end":{"line":4,"column":95}},"4":{"start":{"line":5,"column":17},"end":{"line":5,"column":49}},"5":{"start":{"line":7,"column":0},"end":{"line":26,"column":2}},"6":{"start":{"line":8,"column":4},"end":{"line":25,"column":5}},"7":{"start":{"line":9,"column":19},"end":{"line":9,"column":20}},"8":{"start":{"line":9,"column":30},"end":{"line":9,"column":31}},"9":{"start":{"line":10,"column":8},"end":{"line":11,"column":35}},"10":{"start":{"line":11,"column":12},"end":{"line":11,"column":35}},"11":{"start":{"line":13,"column":8},"end":{"line":14,"column":37}},"12":{"start":{"line":14,"column":12},"end":{"line":14,"column":37}},"13":{"start":{"line":16,"column":8},"end":{"line":16,"column":119}},"14":{"start":{"line":16,"column":41},"end":{"line":16,"column":109}},"15":{"start":{"line":16,"column":110},"end":{"line":16,"column":117}},"16":{"start":{"line":18,"column":8},"end":{"line":18,"column":121}},"17":{"start":{"line":18,"column":42},"end":{"line":18,"column":111}},"18":{"start":{"line":18,"column":112},"end":{"line":18,"column":119}},"19":{"start":{"line":20,"column":21},"end":{"line":20,"column":179}},"20":{"start":{"line":21,"column":8},"end":{"line":21,"column":37}},"21":{"start":{"line":24,"column":8},"end":{"line":24,"column":66}},"22":{"start":{"line":28,"column":0},"end":{"line":81,"column":2}},"23":{"start":{"line":29,"column":4},"end":{"line":80,"column":5}},"24":{"start":{"line":30,"column":20},"end":{"line":30,"column":22}},"25":{"start":{"line":31,"column":8},"end":{"line":77,"column":9}},"26":{"start":{"line":35,"column":16},"end":{"line":35,"column":112}},"27":{"start":{"line":35,"column":55},"end":{"line":35,"column":103}},"28":{"start":{"line":35,"column":104},"end":{"line":35,"column":110}},"29":{"start":{"line":38,"column":16},"end":{"line":38,"column":105}},"30":{"start":{"line":38,"column":38},"end":{"line":38,"column":96}},"31":{"start":{"line":38,"column":97},"end":{"line":38,"column":103}},"32":{"start":{"line":39,"column":16},"end":{"line":39,"column":119}},"33":{"start":{"line":39,"column":45},"end":{"line":39,"column":110}},"34":{"start":{"line":39,"column":111},"end":{"line":39,"column":117}},"35":{"start":{"line":40,"column":16},"end":{"line":40,"column":113}},"36":{"start":{"line":40,"column":42},"end":{"line":40,"column":104}},"37":{"start":{"line":40,"column":105},"end":{"line":40,"column":111}},"38":{"start":{"line":46,"column":16},"end":{"line":47,"column":48}},"39":{"start":{"line":46,"column":57},"end":{"line":46,"column":125}},"40":{"start":{"line":46,"column":126},"end":{"line":46,"column":132}},"41":{"start":{"line":47,"column":21},"end":{"line":47,"column":48}},"42":{"start":{"line":49,"column":16},"end":{"line":50,"column":62}},"43":{"start":{"line":49,"column":64},"end":{"line":49,"column":139}},"44":{"start":{"line":49,"column":140},"end":{"line":49,"column":146}},"45":{"start":{"line":50,"column":21},"end":{"line":50,"column":62}},"46":{"start":{"line":52,"column":16},"end":{"line":53,"column":56}},"47":{"start":{"line":52,"column":61},"end":{"line":52,"column":133}},"48":{"start":{"line":52,"column":134},"end":{"line":52,"column":140}},"49":{"start":{"line":53,"column":21},"end":{"line":53,"column":56}},"50":{"start":{"line":55,"column":16},"end":{"line":56,"column":56}},"51":{"start":{"line":55,"column":82},"end":{"line":55,"column":154}},"52":{"start":{"line":55,"column":155},"end":{"line":55,"column":161}},"53":{"start":{"line":56,"column":21},"end":{"line":56,"column":56}},"54":{"start":{"line":60,"column":16},"end":{"line":60,"column":45}},"55":{"start":{"line":64,"column":16},"end":{"line":64,"column":41}},"56":{"start":{"line":66,"column":16},"end":{"line":67,"column":50}},"57":{"start":{"line":66,"column":91},"end":{"line":66,"column":170}},"58":{"start":{"line":66,"column":171},"end":{"line":66,"column":177}},"59":{"start":{"line":67,"column":21},"end":{"line":67,"column":50}},"60":{"start":{"line":69,"column":16},"end":{"line":70,"column":50}},"61":{"start":{"line":69,"column":74},"end":{"line":69,"column":142}},"62":{"start":{"line":69,"column":143},"end":{"line":69,"column":149}},"63":{"start":{"line":70,"column":21},"end":{"line":70,"column":50}},"64":{"start":{"line":72,"column":16},"end":{"line":72,"column":52}},"65":{"start":{"line":75,"column":31},"end":{"line":75,"column":56}},"66":{"start":{"line":76,"column":16},"end":{"line":76,"column":84}},"67":{"start":{"line":79,"column":8},"end":{"line":79,"column":66}},"68":{"start":{"line":83,"column":0},"end":{"line":92,"column":2}},"69":{"start":{"line":84,"column":4},"end":{"line":91,"column":5}},"70":{"start":{"line":85,"column":20},"end":{"line":85,"column":169}},"71":{"start":{"line":86,"column":8},"end":{"line":88,"column":43}},"72":{"start":{"line":87,"column":12},"end":{"line":87,"column":81}},"73":{"start":{"line":88,"column":15},"end":{"line":88,"column":43}},"74":{"start":{"line":90,"column":8},"end":{"line":90,"column":66}},"75":{"start":{"line":94,"column":0},"end":{"line":137,"column":2}},"76":{"start":{"line":95,"column":4},"end":{"line":136,"column":5}},"77":{"start":{"line":96,"column":20},"end":{"line":96,"column":60}},"78":{"start":{"line":98,"column":8},"end":{"line":133,"column":9}},"79":{"start":{"line":98,"column":84},"end":{"line":98,"column":132}},"80":{"start":{"line":101,"column":12},"end":{"line":132,"column":13}},"81":{"start":{"line":105,"column":20},"end":{"line":106,"column":52}},"82":{"start":{"line":105,"column":78},"end":{"line":105,"column":146}},"83":{"start":{"line":105,"column":147},"end":{"line":105,"column":153}},"84":{"start":{"line":106,"column":25},"end":{"line":106,"column":52}},"85":{"start":{"line":108,"column":20},"end":{"line":109,"column":66}},"86":{"start":{"line":108,"column":92},"end":{"line":108,"column":167}},"87":{"start":{"line":108,"column":168},"end":{"line":108,"column":174}},"88":{"start":{"line":109,"column":25},"end":{"line":109,"column":66}},"89":{"start":{"line":111,"column":20},"end":{"line":112,"column":60}},"90":{"start":{"line":111,"column":86},"end":{"line":111,"column":158}},"91":{"start":{"line":111,"column":159},"end":{"line":111,"column":165}},"92":{"start":{"line":112,"column":25},"end":{"line":112,"column":60}},"93":{"start":{"line":114,"column":20},"end":{"line":115,"column":60}},"94":{"start":{"line":114,"column":86},"end":{"line":114,"column":158}},"95":{"start":{"line":114,"column":159},"end":{"line":114,"column":165}},"96":{"start":{"line":115,"column":25},"end":{"line":115,"column":60}},"97":{"start":{"line":117,"column":20},"end":{"line":118,"column":54}},"98":{"start":{"line":117,"column":77},"end":{"line":117,"column":156}},"99":{"start":{"line":117,"column":157},"end":{"line":117,"column":163}},"100":{"start":{"line":118,"column":25},"end":{"line":118,"column":54}},"101":{"start":{"line":120,"column":20},"end":{"line":121,"column":50}},"102":{"start":{"line":120,"column":73},"end":{"line":120,"column":150}},"103":{"start":{"line":120,"column":151},"end":{"line":120,"column":157}},"104":{"start":{"line":121,"column":25},"end":{"line":121,"column":50}},"105":{"start":{"line":123,"column":20},"end":{"line":124,"column":54}},"106":{"start":{"line":123,"column":78},"end":{"line":123,"column":157}},"107":{"start":{"line":123,"column":158},"end":{"line":123,"column":164}},"108":{"start":{"line":124,"column":25},"end":{"line":124,"column":54}},"109":{"start":{"line":126,"column":20},"end":{"line":127,"column":54}},"110":{"start":{"line":126,"column":78},"end":{"line":126,"column":146}},"111":{"start":{"line":126,"column":147},"end":{"line":126,"column":153}},"112":{"start":{"line":127,"column":25},"end":{"line":127,"column":54}},"113":{"start":{"line":130,"column":20},"end":{"line":130,"column":250}},"114":{"start":{"line":131,"column":20},"end":{"line":131,"column":97}},"115":{"start":{"line":135,"column":8},"end":{"line":135,"column":66}},"116":{"start":{"line":139,"column":0},"end":{"line":150,"column":2}},"117":{"start":{"line":140,"column":4},"end":{"line":149,"column":5}},"118":{"start":{"line":141,"column":8},"end":{"line":146,"column":9}},"119":{"start":{"line":142,"column":12},"end":{"line":142,"column":71}},"120":{"start":{"line":143,"column":12},"end":{"line":143,"column":99}},"121":{"start":{"line":145,"column":12},"end":{"line":145,"column":60}},"122":{"start":{"line":148,"column":8},"end":{"line":148,"column":66}},"123":{"start":{"line":152,"column":0},"end":{"line":164,"column":2}},"124":{"start":{"line":153,"column":4},"end":{"line":163,"column":5}},"125":{"start":{"line":154,"column":20},"end":{"line":154,"column":60}},"126":{"start":{"line":155,"column":8},"end":{"line":155,"column":107}},"127":{"start":{"line":155,"column":22},"end":{"line":155,"column":98}},"128":{"start":{"line":155,"column":99},"end":{"line":155,"column":105}},"129":{"start":{"line":156,"column":19},"end":{"line":156,"column":57}},"130":{"start":{"line":157,"column":8},"end":{"line":157,"column":34}},"131":{"start":{"line":158,"column":8},"end":{"line":158,"column":43}},"132":{"start":{"line":159,"column":8},"end":{"line":159,"column":24}},"133":{"start":{"line":160,"column":8},"end":{"line":160,"column":15}},"134":{"start":{"line":162,"column":8},"end":{"line":162,"column":66}},"135":{"start":{"line":166,"column":0},"end":{"line":176,"column":1}},"136":{"start":{"line":167,"column":4},"end":{"line":175,"column":5}},"137":{"start":{"line":168,"column":20},"end":{"line":168,"column":60}},"138":{"start":{"line":169,"column":8},"end":{"line":169,"column":107}},"139":{"start":{"line":169,"column":22},"end":{"line":169,"column":98}},"140":{"start":{"line":169,"column":99},"end":{"line":169,"column":105}},"141":{"start":{"line":170,"column":19},"end":{"line":170,"column":57}},"142":{"start":{"line":171,"column":8},"end":{"line":171,"column":37}},"143":{"start":{"line":172,"column":8},"end":{"line":172,"column":45}},"144":{"start":{"line":174,"column":8},"end":{"line":174,"column":66}},"145":{"start":{"line":178,"column":0},"end":{"line":188,"column":1}},"146":{"start":{"line":179,"column":4},"end":{"line":187,"column":5}},"147":{"start":{"line":180,"column":20},"end":{"line":180,"column":60}},"148":{"start":{"line":181,"column":8},"end":{"line":181,"column":107}},"149":{"start":{"line":181,"column":22},"end":{"line":181,"column":98}},"150":{"start":{"line":181,"column":99},"end":{"line":181,"column":105}},"151":{"start":{"line":182,"column":26},"end":{"line":182,"column":179}},"152":{"start":{"line":183,"column":8},"end":{"line":183,"column":40}},"153":{"start":{"line":185,"column":8},"end":{"line":185,"column":25}},"154":{"start":{"line":186,"column":8},"end":{"line":186,"column":66}}},"fnMap":{"0":{"name":"(anonymous_0)","decl":{"start":{"line":7,"column":18},"end":{"line":7,"column":19}},"loc":{"start":{"line":7,"column":38},"end":{"line":26,"column":1}},"line":7},"1":{"name":"(anonymous_1)","decl":{"start":{"line":28,"column":17},"end":{"line":28,"column":18}},"loc":{"start":{"line":28,"column":37},"end":{"line":81,"column":1}},"line":28},"2":{"name":"(anonymous_2)","decl":{"start":{"line":83,"column":19},"end":{"line":83,"column":20}},"loc":{"start":{"line":83,"column":39},"end":{"line":92,"column":1}},"line":83},"3":{"name":"(anonymous_3)","decl":{"start":{"line":94,"column":15},"end":{"line":94,"column":16}},"loc":{"start":{"line":94,"column":35},"end":{"line":137,"column":1}},"line":94},"4":{"name":"(anonymous_4)","decl":{"start":{"line":139,"column":17},"end":{"line":139,"column":18}},"loc":{"start":{"line":139,"column":37},"end":{"line":150,"column":1}},"line":139},"5":{"name":"(anonymous_5)","decl":{"start":{"line":152,"column":20},"end":{"line":152,"column":21}},"loc":{"start":{"line":152,"column":46},"end":{"line":164,"column":1}},"line":152},"6":{"name":"(anonymous_6)","decl":{"start":{"line":166,"column":22},"end":{"line":166,"column":23}},"loc":{"start":{"line":166,"column":42},"end":{"line":176,"column":1}},"line":166},"7":{"name":"(anonymous_7)","decl":{"start":{"line":178,"column":27},"end":{"line":178,"column":28}},"loc":{"start":{"line":178,"column":47},"end":{"line":188,"column":1}},"line":178}},"branchMap":{"0":{"loc":{"start":{"line":10,"column":8},"end":{"line":11,"column":35}},"type":"if","locations":[{"start":{"line":10,"column":8},"end":{"line":11,"column":35}},{"start":{},"end":{}}],"line":10},"1":{"loc":{"start":{"line":13,"column":8},"end":{"line":14,"column":37}},"type":"if","locations":[{"start":{"line":13,"column":8},"end":{"line":14,"column":37}},{"start":{},"end":{}}],"line":13},"2":{"loc":{"start":{"line":16,"column":8},"end":{"line":16,"column":119}},"type":"if","locations":[{"start":{"line":16,"column":8},"end":{"line":16,"column":119}},{"start":{},"end":{}}],"line":16},"3":{"loc":{"start":{"line":18,"column":8},"end":{"line":18,"column":121}},"type":"if","locations":[{"start":{"line":18,"column":8},"end":{"line":18,"column":121}},{"start":{},"end":{}}],"line":18},"4":{"loc":{"start":{"line":31,"column":8},"end":{"line":77,"column":9}},"type":"switch","locations":[{"start":{"line":32,"column":12},"end":{"line":72,"column":52}},{"start":{"line":74,"column":12},"end":{"line":76,"column":84}}],"line":31},"5":{"loc":{"start":{"line":35,"column":16},"end":{"line":35,"column":112}},"type":"if","locations":[{"start":{"line":35,"column":16},"end":{"line":35,"column":112}},{"start":{},"end":{}}],"line":35},"6":{"loc":{"start":{"line":38,"column":16},"end":{"line":38,"column":105}},"type":"if","locations":[{"start":{"line":38,"column":16},"end":{"line":38,"column":105}},{"start":{},"end":{}}],"line":38},"7":{"loc":{"start":{"line":39,"column":16},"end":{"line":39,"column":119}},"type":"if","locations":[{"start":{"line":39,"column":16},"end":{"line":39,"column":119}},{"start":{},"end":{}}],"line":39},"8":{"loc":{"start":{"line":40,"column":16},"end":{"line":40,"column":113}},"type":"if","locations":[{"start":{"line":40,"column":16},"end":{"line":40,"column":113}},{"start":{},"end":{}}],"line":40},"9":{"loc":{"start":{"line":46,"column":16},"end":{"line":47,"column":48}},"type":"if","locations":[{"start":{"line":46,"column":16},"end":{"line":47,"column":48}},{"start":{"line":47,"column":21},"end":{"line":47,"column":48}}],"line":46},"10":{"loc":{"start":{"line":49,"column":16},"end":{"line":50,"column":62}},"type":"if","locations":[{"start":{"line":49,"column":16},"end":{"line":50,"column":62}},{"start":{"line":50,"column":21},"end":{"line":50,"column":62}}],"line":49},"11":{"loc":{"start":{"line":52,"column":16},"end":{"line":53,"column":56}},"type":"if","locations":[{"start":{"line":52,"column":16},"end":{"line":53,"column":56}},{"start":{"line":53,"column":21},"end":{"line":53,"column":56}}],"line":52},"12":{"loc":{"start":{"line":55,"column":16},"end":{"line":56,"column":56}},"type":"if","locations":[{"start":{"line":55,"column":16},"end":{"line":56,"column":56}},{"start":{"line":56,"column":21},"end":{"line":56,"column":56}}],"line":55},"13":{"loc":{"start":{"line":55,"column":20},"end":{"line":55,"column":78}},"type":"binary-expr","locations":[{"start":{"line":55,"column":20},"end":{"line":55,"column":37}},{"start":{"line":55,"column":41},"end":{"line":55,"column":78}}],"line":55},"14":{"loc":{"start":{"line":66,"column":16},"end":{"line":67,"column":50}},"type":"if","locations":[{"start":{"line":66,"column":16},"end":{"line":67,"column":50}},{"start":{"line":67,"column":21},"end":{"line":67,"column":50}}],"line":66},"15":{"loc":{"start":{"line":66,"column":20},"end":{"line":66,"column":87}},"type":"binary-expr","locations":[{"start":{"line":66,"column":20},"end":{"line":66,"column":33}},{"start":{"line":66,"column":37},"end":{"line":66,"column":51}},{"start":{"line":66,"column":55},"end":{"line":66,"column":87}}],"line":66},"16":{"loc":{"start":{"line":69,"column":16},"end":{"line":70,"column":50}},"type":"if","locations":[{"start":{"line":69,"column":16},"end":{"line":70,"column":50}},{"start":{"line":70,"column":21},"end":{"line":70,"column":50}}],"line":69},"17":{"loc":{"start":{"line":69,"column":20},"end":{"line":69,"column":70}},"type":"binary-expr","locations":[{"start":{"line":69,"column":20},"end":{"line":69,"column":34}},{"start":{"line":69,"column":38},"end":{"line":69,"column":70}}],"line":69},"18":{"loc":{"start":{"line":86,"column":8},"end":{"line":88,"column":43}},"type":"if","locations":[{"start":{"line":86,"column":8},"end":{"line":88,"column":43}},{"start":{"line":88,"column":15},"end":{"line":88,"column":43}}],"line":86},"19":{"loc":{"start":{"line":98,"column":8},"end":{"line":133,"column":9}},"type":"if","locations":[{"start":{"line":98,"column":8},"end":{"line":133,"column":9}},{"start":{"line":100,"column":13},"end":{"line":133,"column":9}}],"line":98},"20":{"loc":{"start":{"line":98,"column":12},"end":{"line":98,"column":82}},"type":"binary-expr","locations":[{"start":{"line":98,"column":12},"end":{"line":98,"column":48}},{"start":{"line":98,"column":52},"end":{"line":98,"column":82}}],"line":98},"21":{"loc":{"start":{"line":101,"column":12},"end":{"line":132,"column":13}},"type":"switch","locations":[{"start":{"line":103,"column":16},"end":{"line":127,"column":54}},{"start":{"line":129,"column":16},"end":{"line":131,"column":97}}],"line":101},"22":{"loc":{"start":{"line":105,"column":20},"end":{"line":106,"column":52}},"type":"if","locations":[{"start":{"line":105,"column":20},"end":{"line":106,"column":52}},{"start":{"line":106,"column":25},"end":{"line":106,"column":52}}],"line":105},"23":{"loc":{"start":{"line":105,"column":24},"end":{"line":105,"column":74}},"type":"binary-expr","locations":[{"start":{"line":105,"column":24},"end":{"line":105,"column":37}},{"start":{"line":105,"column":41},"end":{"line":105,"column":74}}],"line":105},"24":{"loc":{"start":{"line":108,"column":20},"end":{"line":109,"column":66}},"type":"if","locations":[{"start":{"line":108,"column":20},"end":{"line":109,"column":66}},{"start":{"line":109,"column":25},"end":{"line":109,"column":66}}],"line":108},"25":{"loc":{"start":{"line":108,"column":24},"end":{"line":108,"column":88}},"type":"binary-expr","locations":[{"start":{"line":108,"column":24},"end":{"line":108,"column":44}},{"start":{"line":108,"column":48},"end":{"line":108,"column":88}}],"line":108},"26":{"loc":{"start":{"line":111,"column":20},"end":{"line":112,"column":60}},"type":"if","locations":[{"start":{"line":111,"column":20},"end":{"line":112,"column":60}},{"start":{"line":112,"column":25},"end":{"line":112,"column":60}}],"line":111},"27":{"loc":{"start":{"line":111,"column":24},"end":{"line":111,"column":82}},"type":"binary-expr","locations":[{"start":{"line":111,"column":24},"end":{"line":111,"column":41}},{"start":{"line":111,"column":45},"end":{"line":111,"column":82}}],"line":111},"28":{"loc":{"start":{"line":114,"column":20},"end":{"line":115,"column":60}},"type":"if","locations":[{"start":{"line":114,"column":20},"end":{"line":115,"column":60}},{"start":{"line":115,"column":25},"end":{"line":115,"column":60}}],"line":114},"29":{"loc":{"start":{"line":114,"column":24},"end":{"line":114,"column":82}},"type":"binary-expr","locations":[{"start":{"line":114,"column":24},"end":{"line":114,"column":41}},{"start":{"line":114,"column":45},"end":{"line":114,"column":82}}],"line":114},"30":{"loc":{"start":{"line":117,"column":20},"end":{"line":118,"column":54}},"type":"if","locations":[{"start":{"line":117,"column":20},"end":{"line":118,"column":54}},{"start":{"line":118,"column":25},"end":{"line":118,"column":54}}],"line":117},"31":{"loc":{"start":{"line":117,"column":24},"end":{"line":117,"column":73}},"type":"binary-expr","locations":[{"start":{"line":117,"column":24},"end":{"line":117,"column":38}},{"start":{"line":117,"column":42},"end":{"line":117,"column":73}}],"line":117},"32":{"loc":{"start":{"line":120,"column":20},"end":{"line":121,"column":50}},"type":"if","locations":[{"start":{"line":120,"column":20},"end":{"line":121,"column":50}},{"start":{"line":121,"column":25},"end":{"line":121,"column":50}}],"line":120},"33":{"loc":{"start":{"line":120,"column":24},"end":{"line":120,"column":69}},"type":"binary-expr","locations":[{"start":{"line":120,"column":24},"end":{"line":120,"column":36}},{"start":{"line":120,"column":40},"end":{"line":120,"column":69}}],"line":120},"34":{"loc":{"start":{"line":123,"column":20},"end":{"line":124,"column":54}},"type":"if","locations":[{"start":{"line":123,"column":20},"end":{"line":124,"column":54}},{"start":{"line":124,"column":25},"end":{"line":124,"column":54}}],"line":123},"35":{"loc":{"start":{"line":123,"column":24},"end":{"line":123,"column":74}},"type":"binary-expr","locations":[{"start":{"line":123,"column":24},"end":{"line":123,"column":38}},{"start":{"line":123,"column":42},"end":{"line":123,"column":74}}],"line":123},"36":{"loc":{"start":{"line":126,"column":20},"end":{"line":127,"column":54}},"type":"if","locations":[{"start":{"line":126,"column":20},"end":{"line":127,"column":54}},{"start":{"line":127,"column":25},"end":{"line":127,"column":54}}],"line":126},"37":{"loc":{"start":{"line":126,"column":24},"end":{"line":126,"column":74}},"type":"binary-expr","locations":[{"start":{"line":126,"column":24},"end":{"line":126,"column":38}},{"start":{"line":126,"column":42},"end":{"line":126,"column":74}}],"line":126},"38":{"loc":{"start":{"line":141,"column":8},"end":{"line":146,"column":9}},"type":"if","locations":[{"start":{"line":141,"column":8},"end":{"line":146,"column":9}},{"start":{"line":144,"column":15},"end":{"line":146,"column":9}}],"line":141},"39":{"loc":{"start":{"line":141,"column":12},"end":{"line":141,"column":63}},"type":"binary-expr","locations":[{"start":{"line":141,"column":12},"end":{"line":141,"column":29}},{"start":{"line":141,"column":33},"end":{"line":141,"column":63}}],"line":141},"40":{"loc":{"start":{"line":155,"column":8},"end":{"line":155,"column":107}},"type":"if","locations":[{"start":{"line":155,"column":8},"end":{"line":155,"column":107}},{"start":{},"end":{}}],"line":155},"41":{"loc":{"start":{"line":169,"column":8},"end":{"line":169,"column":107}},"type":"if","locations":[{"start":{"line":169,"column":8},"end":{"line":169,"column":107}},{"start":{},"end":{}}],"line":169},"42":{"loc":{"start":{"line":181,"column":8},"end":{"line":181,"column":107}},"type":"if","locations":[{"start":{"line":181,"column":8},"end":{"line":181,"column":107}},{"start":{},"end":{}}],"line":181}},"s":{"0":1,"1":1,"2":1,"3":1,"4":1,"5":1,"6":0,"7":0,"8":0,"9":0,"10":0,"11":0,"12":0,"13":0,"14":0,"15":0,"16":0,"17":0,"18":0,"19":0,"20":0,"21":0,"22":1,"23":0,"24":0,"25":0,"26":0,"27":0,"28":0,"29":0,"30":0,"31":0,"32":0,"33":0,"34":0,"35":0,"36":0,"37":0,"38":0,"39":0,"40":0,"41":0,"42":0,"43":0,"44":0,"45":0,"46":0,"47":0,"48":0,"49":0,"50":0,"51":0,"52":0,"53":0,"54":0,"55":0,"56":0,"57":0,"58":0,"59":0,"60":0,"61":0,"62":0,"63":0,"64":0,"65":0,"66":0,"67":0,"68":1,"69":0,"70":0,"71":0,"72":0,"73":0,"74":0,"75":1,"76":0,"77":0,"78":0,"79":0,"80":0,"81":0,"82":0,"83":0,"84":0,"85":0,"86":0,"87":0,"88":0,"89":0,"90":0,"91":0,"92":0,"93":0,"94":0,"95":0,"96":0,"97":0,"98":0,"99":0,"100":0,"101":0,"102":0,"103":0,"104":0,"105":0,"106":0,"107":0,"108":0,"109":0,"110":0,"111":0,"112":0,"113":0,"114":0,"115":0,"116":1,"117":0,"118":0,"119":0,"120":0,"121":0,"122":0,"123":1,"124":0,"125":0,"126":0,"127":0,"128":0,"129":0,"130":0,"131":0,"132":0,"133":0,"134":0,"135":1,"136":0,"137":0,"138":0,"139":0,"140":0,"141":0,"142":0,"143":0,"144":0,"145":1,"146":0,"147":0,"148":0,"149":0,"150":0,"151":0,"152":0,"153":0,"154":0},"f":{"0":0,"1":0,"2":0,"3":0,"4":0,"5":0,"6":0,"7":0},"b":{"0":[0,0],"1":[0,0],"2":[0,0],"3":[0,0],"4":[0,0],"5":[0,0],"6":[0,0],"7":[0,0],"8":[0,0],"9":[0,0],"10":[0,0],"11":[0,0],"12":[0,0],"13":[0,0],"14":[0,0],"15":[0,0,0],"16":[0,0],"17":[0,0],"18":[0,0],"19":[0,0],"20":[0,0],"21":[0,0],"22":[0,0],"23":[0,0],"24":[0,0],"25":[0,0],"26":[0,0],"27":[0,0],"28":[0,0],"29":[0,0],"30":[0,0],"31":[0,0],"32":[0,0],"33":[0,0],"34":[0,0],"35":[0,0],"36":[0,0],"37":[0,0],"38":[0,0],"39":[0,0],"40":[0,0],"41":[0,0],"42":[0,0]},"_coverageSchema":"1a1c01bbd47fc00a2c39e90264f33305004495a9","hash":"74993b395f56b78a7637ba986840f8a71b620f00"}
,"C:\\Users\\Eduardo\\Desktop\\Documentos\\Fac\\2º ano\\Eco+ Project\\Código\\ecoplus\\server\\api-ecoplus\\controllers\\occurrences.controller.js": {"path":"C:\\Users\\Eduardo\\Desktop\\Documentos\\Fac\\2º ano\\Eco+ Project\\Código\\ecoplus\\server\\api-ecoplus\\controllers\\occurrences.controller.js","statementMap":{"0":{"start":{"line":1,"column":11},"end":{"line":1,"column":37}},"1":{"start":{"line":2,"column":19},"end":{"line":2,"column":32}},"2":{"start":{"line":3,"column":28},"end":{"line":3,"column":62}},"3":{"start":{"line":4,"column":17},"end":{"line":4,"column":49}},"4":{"start":{"line":6,"column":0},"end":{"line":28,"column":2}},"5":{"start":{"line":7,"column":4},"end":{"line":27,"column":5}},"6":{"start":{"line":8,"column":19},"end":{"line":8,"column":20}},"7":{"start":{"line":8,"column":30},"end":{"line":8,"column":31}},"8":{"start":{"line":9,"column":8},"end":{"line":10,"column":33}},"9":{"start":{"line":10,"column":12},"end":{"line":10,"column":33}},"10":{"start":{"line":12,"column":8},"end":{"line":13,"column":35}},"11":{"start":{"line":13,"column":12},"end":{"line":13,"column":35}},"12":{"start":{"line":15,"column":8},"end":{"line":16,"column":80}},"13":{"start":{"line":16,"column":12},"end":{"line":16,"column":80}},"14":{"start":{"line":18,"column":8},"end":{"line":19,"column":81}},"15":{"start":{"line":19,"column":12},"end":{"line":19,"column":81}},"16":{"start":{"line":21,"column":26},"end":{"line":21,"column":90}},"17":{"start":{"line":23,"column":8},"end":{"line":23,"column":42}},"18":{"start":{"line":26,"column":8},"end":{"line":26,"column":66}},"19":{"start":{"line":30,"column":0},"end":{"line":69,"column":2}},"20":{"start":{"line":31,"column":4},"end":{"line":68,"column":5}},"21":{"start":{"line":32,"column":25},"end":{"line":32,"column":27}},"22":{"start":{"line":33,"column":8},"end":{"line":64,"column":9}},"23":{"start":{"line":38,"column":16},"end":{"line":38,"column":105}},"24":{"start":{"line":38,"column":38},"end":{"line":38,"column":96}},"25":{"start":{"line":38,"column":97},"end":{"line":38,"column":103}},"26":{"start":{"line":39,"column":16},"end":{"line":39,"column":119}},"27":{"start":{"line":39,"column":45},"end":{"line":39,"column":110}},"28":{"start":{"line":39,"column":111},"end":{"line":39,"column":117}},"29":{"start":{"line":40,"column":16},"end":{"line":40,"column":113}},"30":{"start":{"line":40,"column":42},"end":{"line":40,"column":104}},"31":{"start":{"line":40,"column":105},"end":{"line":40,"column":111}},"32":{"start":{"line":41,"column":16},"end":{"line":41,"column":107}},"33":{"start":{"line":41,"column":39},"end":{"line":41,"column":98}},"34":{"start":{"line":41,"column":99},"end":{"line":41,"column":105}},"35":{"start":{"line":45,"column":16},"end":{"line":46,"column":53}},"36":{"start":{"line":45,"column":58},"end":{"line":45,"column":126}},"37":{"start":{"line":45,"column":127},"end":{"line":45,"column":133}},"38":{"start":{"line":46,"column":21},"end":{"line":46,"column":53}},"39":{"start":{"line":48,"column":16},"end":{"line":49,"column":67}},"40":{"start":{"line":48,"column":65},"end":{"line":48,"column":140}},"41":{"start":{"line":48,"column":141},"end":{"line":48,"column":147}},"42":{"start":{"line":49,"column":21},"end":{"line":49,"column":67}},"43":{"start":{"line":51,"column":16},"end":{"line":52,"column":61}},"44":{"start":{"line":51,"column":62},"end":{"line":51,"column":134}},"45":{"start":{"line":51,"column":135},"end":{"line":51,"column":141}},"46":{"start":{"line":52,"column":21},"end":{"line":52,"column":61}},"47":{"start":{"line":54,"column":16},"end":{"line":55,"column":55}},"48":{"start":{"line":54,"column":55},"end":{"line":54,"column":123}},"49":{"start":{"line":54,"column":124},"end":{"line":54,"column":130}},"50":{"start":{"line":55,"column":21},"end":{"line":55,"column":55}},"51":{"start":{"line":58,"column":16},"end":{"line":58,"column":54}},"52":{"start":{"line":61,"column":36},"end":{"line":61,"column":71}},"53":{"start":{"line":62,"column":16},"end":{"line":62,"column":94}},"54":{"start":{"line":63,"column":12},"end":{"line":63,"column":19}},"55":{"start":{"line":67,"column":8},"end":{"line":67,"column":66}},"56":{"start":{"line":71,"column":0},"end":{"line":80,"column":2}},"57":{"start":{"line":72,"column":4},"end":{"line":79,"column":5}},"58":{"start":{"line":73,"column":25},"end":{"line":73,"column":65}},"59":{"start":{"line":74,"column":8},"end":{"line":76,"column":48}},"60":{"start":{"line":75,"column":12},"end":{"line":75,"column":76}},"61":{"start":{"line":76,"column":15},"end":{"line":76,"column":48}},"62":{"start":{"line":78,"column":8},"end":{"line":78,"column":66}},"63":{"start":{"line":82,"column":0},"end":{"line":113,"column":2}},"64":{"start":{"line":83,"column":4},"end":{"line":112,"column":5}},"65":{"start":{"line":84,"column":25},"end":{"line":84,"column":65}},"66":{"start":{"line":86,"column":8},"end":{"line":109,"column":9}},"67":{"start":{"line":86,"column":52},"end":{"line":86,"column":100}},"68":{"start":{"line":89,"column":12},"end":{"line":108,"column":13}},"69":{"start":{"line":93,"column":20},"end":{"line":94,"column":57}},"70":{"start":{"line":93,"column":79},"end":{"line":93,"column":147}},"71":{"start":{"line":93,"column":148},"end":{"line":93,"column":154}},"72":{"start":{"line":94,"column":25},"end":{"line":94,"column":57}},"73":{"start":{"line":96,"column":20},"end":{"line":97,"column":71}},"74":{"start":{"line":96,"column":93},"end":{"line":96,"column":168}},"75":{"start":{"line":96,"column":169},"end":{"line":96,"column":175}},"76":{"start":{"line":97,"column":25},"end":{"line":97,"column":71}},"77":{"start":{"line":99,"column":20},"end":{"line":100,"column":65}},"78":{"start":{"line":99,"column":87},"end":{"line":99,"column":159}},"79":{"start":{"line":99,"column":160},"end":{"line":99,"column":166}},"80":{"start":{"line":100,"column":25},"end":{"line":100,"column":65}},"81":{"start":{"line":102,"column":20},"end":{"line":103,"column":59}},"82":{"start":{"line":102,"column":77},"end":{"line":102,"column":145}},"83":{"start":{"line":102,"column":146},"end":{"line":102,"column":152}},"84":{"start":{"line":103,"column":25},"end":{"line":103,"column":59}},"85":{"start":{"line":106,"column":20},"end":{"line":106,"column":209}},"86":{"start":{"line":107,"column":20},"end":{"line":107,"column":107}},"87":{"start":{"line":111,"column":8},"end":{"line":111,"column":66}},"88":{"start":{"line":115,"column":0},"end":{"line":137,"column":2}},"89":{"start":{"line":116,"column":4},"end":{"line":136,"column":5}},"90":{"start":{"line":118,"column":8},"end":{"line":132,"column":9}},"91":{"start":{"line":119,"column":12},"end":{"line":128,"column":13}},"92":{"start":{"line":121,"column":20},"end":{"line":121,"column":113}},"93":{"start":{"line":121,"column":44},"end":{"line":121,"column":104}},"94":{"start":{"line":121,"column":105},"end":{"line":121,"column":111}},"95":{"start":{"line":123,"column":20},"end":{"line":123,"column":167}},"96":{"start":{"line":123,"column":64},"end":{"line":123,"column":158}},"97":{"start":{"line":123,"column":159},"end":{"line":123,"column":165}},"98":{"start":{"line":126,"column":20},"end":{"line":126,"column":107}},"99":{"start":{"line":127,"column":20},"end":{"line":127,"column":114}},"100":{"start":{"line":131,"column":12},"end":{"line":131,"column":60}},"101":{"start":{"line":135,"column":8},"end":{"line":135,"column":66}},"102":{"start":{"line":139,"column":0},"end":{"line":150,"column":2}},"103":{"start":{"line":140,"column":4},"end":{"line":149,"column":5}},"104":{"start":{"line":141,"column":8},"end":{"line":146,"column":9}},"105":{"start":{"line":142,"column":12},"end":{"line":142,"column":71}},"106":{"start":{"line":143,"column":12},"end":{"line":143,"column":100}},"107":{"start":{"line":145,"column":12},"end":{"line":145,"column":60}},"108":{"start":{"line":148,"column":8},"end":{"line":148,"column":66}}},"fnMap":{"0":{"name":"(anonymous_0)","decl":{"start":{"line":6,"column":18},"end":{"line":6,"column":19}},"loc":{"start":{"line":6,"column":38},"end":{"line":28,"column":1}},"line":6},"1":{"name":"(anonymous_1)","decl":{"start":{"line":30,"column":17},"end":{"line":30,"column":18}},"loc":{"start":{"line":30,"column":43},"end":{"line":69,"column":1}},"line":30},"2":{"name":"(anonymous_2)","decl":{"start":{"line":71,"column":19},"end":{"line":71,"column":20}},"loc":{"start":{"line":71,"column":39},"end":{"line":80,"column":1}},"line":71},"3":{"name":"(anonymous_3)","decl":{"start":{"line":82,"column":15},"end":{"line":82,"column":16}},"loc":{"start":{"line":82,"column":35},"end":{"line":113,"column":1}},"line":82},"4":{"name":"(anonymous_4)","decl":{"start":{"line":115,"column":21},"end":{"line":115,"column":22}},"loc":{"start":{"line":115,"column":41},"end":{"line":137,"column":1}},"line":115},"5":{"name":"(anonymous_5)","decl":{"start":{"line":139,"column":17},"end":{"line":139,"column":18}},"loc":{"start":{"line":139,"column":37},"end":{"line":150,"column":1}},"line":139}},"branchMap":{"0":{"loc":{"start":{"line":9,"column":8},"end":{"line":10,"column":33}},"type":"if","locations":[{"start":{"line":9,"column":8},"end":{"line":10,"column":33}},{"start":{},"end":{}}],"line":9},"1":{"loc":{"start":{"line":12,"column":8},"end":{"line":13,"column":35}},"type":"if","locations":[{"start":{"line":12,"column":8},"end":{"line":13,"column":35}},{"start":{},"end":{}}],"line":12},"2":{"loc":{"start":{"line":15,"column":8},"end":{"line":16,"column":80}},"type":"if","locations":[{"start":{"line":15,"column":8},"end":{"line":16,"column":80}},{"start":{},"end":{}}],"line":15},"3":{"loc":{"start":{"line":18,"column":8},"end":{"line":19,"column":81}},"type":"if","locations":[{"start":{"line":18,"column":8},"end":{"line":19,"column":81}},{"start":{},"end":{}}],"line":18},"4":{"loc":{"start":{"line":33,"column":8},"end":{"line":64,"column":9}},"type":"switch","locations":[{"start":{"line":35,"column":12},"end":{"line":58,"column":54}},{"start":{"line":60,"column":12},"end":{"line":63,"column":19}}],"line":33},"5":{"loc":{"start":{"line":38,"column":16},"end":{"line":38,"column":105}},"type":"if","locations":[{"start":{"line":38,"column":16},"end":{"line":38,"column":105}},{"start":{},"end":{}}],"line":38},"6":{"loc":{"start":{"line":39,"column":16},"end":{"line":39,"column":119}},"type":"if","locations":[{"start":{"line":39,"column":16},"end":{"line":39,"column":119}},{"start":{},"end":{}}],"line":39},"7":{"loc":{"start":{"line":40,"column":16},"end":{"line":40,"column":113}},"type":"if","locations":[{"start":{"line":40,"column":16},"end":{"line":40,"column":113}},{"start":{},"end":{}}],"line":40},"8":{"loc":{"start":{"line":41,"column":16},"end":{"line":41,"column":107}},"type":"if","locations":[{"start":{"line":41,"column":16},"end":{"line":41,"column":107}},{"start":{},"end":{}}],"line":41},"9":{"loc":{"start":{"line":45,"column":16},"end":{"line":46,"column":53}},"type":"if","locations":[{"start":{"line":45,"column":16},"end":{"line":46,"column":53}},{"start":{"line":46,"column":21},"end":{"line":46,"column":53}}],"line":45},"10":{"loc":{"start":{"line":48,"column":16},"end":{"line":49,"column":67}},"type":"if","locations":[{"start":{"line":48,"column":16},"end":{"line":49,"column":67}},{"start":{"line":49,"column":21},"end":{"line":49,"column":67}}],"line":48},"11":{"loc":{"start":{"line":51,"column":16},"end":{"line":52,"column":61}},"type":"if","locations":[{"start":{"line":51,"column":16},"end":{"line":52,"column":61}},{"start":{"line":52,"column":21},"end":{"line":52,"column":61}}],"line":51},"12":{"loc":{"start":{"line":54,"column":16},"end":{"line":55,"column":55}},"type":"if","locations":[{"start":{"line":54,"column":16},"end":{"line":55,"column":55}},{"start":{"line":55,"column":21},"end":{"line":55,"column":55}}],"line":54},"13":{"loc":{"start":{"line":74,"column":8},"end":{"line":76,"column":48}},"type":"if","locations":[{"start":{"line":74,"column":8},"end":{"line":76,"column":48}},{"start":{"line":76,"column":15},"end":{"line":76,"column":48}}],"line":74},"14":{"loc":{"start":{"line":86,"column":8},"end":{"line":109,"column":9}},"type":"if","locations":[{"start":{"line":86,"column":8},"end":{"line":109,"column":9}},{"start":{"line":88,"column":13},"end":{"line":109,"column":9}}],"line":86},"15":{"loc":{"start":{"line":89,"column":12},"end":{"line":108,"column":13}},"type":"switch","locations":[{"start":{"line":91,"column":16},"end":{"line":103,"column":59}},{"start":{"line":105,"column":16},"end":{"line":107,"column":107}}],"line":89},"16":{"loc":{"start":{"line":93,"column":20},"end":{"line":94,"column":57}},"type":"if","locations":[{"start":{"line":93,"column":20},"end":{"line":94,"column":57}},{"start":{"line":94,"column":25},"end":{"line":94,"column":57}}],"line":93},"17":{"loc":{"start":{"line":93,"column":24},"end":{"line":93,"column":75}},"type":"binary-expr","locations":[{"start":{"line":93,"column":24},"end":{"line":93,"column":37}},{"start":{"line":93,"column":41},"end":{"line":93,"column":75}}],"line":93},"18":{"loc":{"start":{"line":96,"column":20},"end":{"line":97,"column":71}},"type":"if","lo
[...]
,"C:\\Users\\Eduardo\\Desktop\\Documentos\\Fac\\2º ano\\Eco+ Project\\Código\\ecoplus\\server\\api-ecoplus\\models\\schools.model.js": {"path":"C:\\Users\\Eduardo\\Desktop\\Documentos\\Fac\\2º ano\\Eco+ Project\\Código\\ecoplus\\server\\api-ecoplus\\models\\schools.model.js","statementMap":{"0":{"start":{"line":1,"column":0},"end":{"line":27,"column":1}},"1":{"start":{"line":2,"column":19},"end":{"line":25,"column":6}},"2":{"start":{"line":26,"column":4},"end":{"line":26,"column":17}}},"fnMap":{"0":{"name":"(anonymous_0)","decl":{"start":{"line":1,"column":17},"end":{"line":1,"column":18}},"loc":{"start":{"line":1,"column":43},"end":{"line":27,"column":1}},"line":1}},"branchMap":{},"s":{"0":2,"1":2,"2":2},"f":{"0":2},"b":{},"_coverageSchema":"1a1c01bbd47fc00a2c39e90264f33305004495a9","hash":"66fd1f22fbc93ebfa38c3e7e3cabf5a8be4bd335"}
,"C:\\Users\\Eduardo\\Desktop\\Documentos\\Fac\\2º ano\\Eco+ Project\\Código\\ecoplus\\server\\api-ecoplus\\models\\users.model.js": {"path":"C:\\Users\\Eduardo\\Desktop\\Documentos\\Fac\\2º ano\\Eco+ Project\\Código\\ecoplus\\server\\api-ecoplus\\models\\users.model.js","statementMap":{"0":{"start":{"line":1,"column":15},"end":{"line":1,"column":34}},"1":{"start":{"line":3,"column":0},"end":{"line":89,"column":1}},"2":{"start":{"line":4,"column":17},"end":{"line":84,"column":10}},"3":{"start":{"line":85,"column":8},"end":{"line":87,"column":9}},"4":{"start":{"line":86,"column":12},"end":{"line":86,"column":54}},"5":{"start":{"line":88,"column":4},"end":{"line":88,"column":15}}},"fnMap":{"0":{"name":"(anonymous_0)","decl":{"start":{"line":3,"column":17},"end":{"line":3,"column":18}},"loc":{"start":{"line":3,"column":43},"end":{"line":89,"column":1}},"line":3},"1":{"name":"(anonymous_1)","decl":{"start":{"line":85,"column":40},"end":{"line":85,"column":41}},"loc":{"start":{"line":85,"column":66},"end":{"line":87,"column":9}},"line":85}},"branchMap":{},"s":{"0":2,"1":2,"2":2,"3":2,"4":2,"5":2},"f":{"0":2,"1":2},"b":{},"_coverageSchema":"1a1c01bbd47fc00a2c39e90264f33305004495a9","hash":"16ec59fc2eceac72104b77d7353e61e9c5dc0e6a"}
,"C:\\Users\\Eduardo\\Desktop\\Documentos\\Fac\\2º ano\\Eco+ Project\\Código\\ecoplus\\server\\api-ecoplus\\routes\\activities.routes.js": {"path":"C:\\Users\\Eduardo\\Desktop\\Documentos\\Fac\\2º ano\\Eco+ Project\\Código\\ecoplus\\server\\api-ecoplus\\routes\\activities.routes.js","statementMap":{"0":{"start":{"line":1,"column":16},"end":{"line":1,"column":34}},"1":{"start":{"line":2,"column":15},"end":{"line":2,"column":31}},"2":{"start":{"line":3,"column":27},"end":{"line":3,"column":74}},"3":{"start":{"line":4,"column":23},"end":{"line":4,"column":62}},"4":{"start":{"line":5,"column":25},"end":{"line":5,"column":71}},"5":{"start":{"line":6,"column":13},"end":{"line":6,"column":54}},"6":{"start":{"line":10,"column":0},"end":{"line":20,"column":5}},"7":{"start":{"line":11,"column":18},"end":{"line":11,"column":28}},"8":{"start":{"line":12,"column":4},"end":{"line":18,"column":7}},"9":{"start":{"line":14,"column":26},"end":{"line":14,"column":53}},"10":{"start":{"line":15,"column":6},"end":{"line":17,"column":8}},"11":{"start":{"line":19,"column":4},"end":{"line":19,"column":11}},"12":{"start":{"line":22,"column":0},"end":{"line":22,"column":43}},"13":{"start":{"line":24,"column":0},"end":{"line":26,"column":34}},"14":{"start":{"line":27,"column":0},"end":{"line":30,"column":54}},"15":{"start":{"line":31,"column":0},"end":{"line":34,"column":43}},"16":{"start":{"line":36,"column":0},"end":{"line":36,"column":24}}},"fnMap":{"0":{"name":"(anonymous_0)","decl":{"start":{"line":10,"column":11},"end":{"line":10,"column":12}},"loc":{"start":{"line":10,"column":31},"end":{"line":20,"column":3}},"line":10},"1":{"name":"(anonymous_1)","decl":{"start":{"line":12,"column":21},"end":{"line":12,"column":22}},"loc":{"start":{"line":12,"column":27},"end":{"line":18,"column":5}},"line":12}},"branchMap":{},"s":{"0":1,"1":1,"2":1,"3":1,"4":1,"5":1,"6":1,"7":0,"8":0,"9":0,"10":0,"11":0,"12":1,"13":1,"14":1,"15":1,"16":1},"f":{"0":0,"1":0},"b":{},"_coverageSchema":"1a1c01bbd47fc00a2c39e90264f33305004495a9","hash":"1874cc31ebb4b304d96036c4866d7dba3f824786"}
,"C:\\Users\\Eduardo\\Desktop\\Documentos\\Fac\\2º ano\\Eco+ Project\\Código\\ecoplus\\server\\api-ecoplus\\routes\\badges.routes.js": {"path":"C:\\Users\\Eduardo\\Desktop\\Documentos\\Fac\\2º ano\\Eco+ Project\\Código\\ecoplus\\server\\api-ecoplus\\routes\\badges.routes.js","statementMap":{"0":{"start":{"line":1,"column":16},"end":{"line":1,"column":34}},"1":{"start":{"line":2,"column":15},"end":{"line":2,"column":31}},"2":{"start":{"line":5,"column":25},"end":{"line":5,"column":71}},"3":{"start":{"line":6,"column":25},"end":{"line":6,"column":71}},"4":{"start":{"line":7,"column":13},"end":{"line":7,"column":54}},"5":{"start":{"line":9,"column":0},"end":{"line":11,"column":53}},"6":{"start":{"line":13,"column":0},"end":{"line":16,"column":55}},"7":{"start":{"line":19,"column":0},"end":{"line":19,"column":24}}},"fnMap":{},"branchMap":{},"s":{"0":1,"1":1,"2":1,"3":1,"4":1,"5":1,"6":1,"7":1},"f":{},"b":{},"_coverageSchema":"1a1c01bbd47fc00a2c39e90264f33305004495a9","hash":"80005fb724432f59768a2d6af76055aa24de5529"}
,"C:\\Users\\Eduardo\\Desktop\\Documentos\\Fac\\2º ano\\Eco+ Project\\Código\\ecoplus\\server\\api-ecoplus\\routes\\comments.routes.js": {"path":"C:\\Users\\Eduardo\\Desktop\\Documentos\\Fac\\2º ano\\Eco+ Project\\Código\\ecoplus\\server\\api-ecoplus\\routes\\comments.routes.js","statementMap":{"0":{"start":{"line":1,"column":16},"end":{"line":1,"column":34}},"1":{"start":{"line":2,"column":15},"end":{"line":2,"column":50}},"2":{"start":{"line":5,"column":27},"end":{"line":5,"column":75}},"3":{"start":{"line":6,"column":25},"end":{"line":6,"column":71}},"4":{"start":{"line":7,"column":21},"end":{"line":7,"column":58}},"5":{"start":{"line":8,"column":13},"end":{"line":8,"column":57}},"6":{"start":{"line":10,"column":0},"end":{"line":10,"column":46}},"7":{"start":{"line":12,"column":0},"end":{"line":14,"column":36}},"8":{"start":{"line":16,"column":0},"end":{"line":19,"column":56}},"9":{"start":{"line":22,"column":0},"end":{"line":22,"column":24}}},"fnMap":{},"branchMap":{},"s":{"0":1,"1":1,"2":1,"3":1,"4":1,"5":1,"6":1,"7":1,"8":1,"9":1},"f":{},"b":{},"_coverageSchema":"1a1c01bbd47fc00a2c39e90264f33305004495a9","hash":"81aeb31ad220db9a79ee91ecd10ecc2631c2542b"}
,"C:\\Users\\Eduardo\\Desktop\\Documentos\\Fac\\2º ano\\Eco+ Project\\Código\\ecoplus\\server\\api-ecoplus\\routes\\events.routes.js": {"path":"C:\\Users\\Eduardo\\Desktop\\Documentos\\Fac\\2º ano\\Eco+ Project\\Código\\ecoplus\\server\\api-ecoplus\\routes\\events.routes.js","statementMap":{"0":{"start":{"line":1,"column":16},"end":{"line":1,"column":34}},"1":{"start":{"line":2,"column":15},"end":{"line":2,"column":31}},"2":{"start":{"line":5,"column":25},"end":{"line":5,"column":71}},"3":{"start":{"line":6,"column":25},"end":{"line":6,"column":71}},"4":{"start":{"line":7,"column":23},"end":{"line":7,"column":62}},"5":{"start":{"line":8,"column":13},"end":{"line":8,"column":54}},"6":{"start":{"line":10,"column":0},"end":{"line":10,"column":43}},"7":{"start":{"line":12,"column":0},"end":{"line":14,"column":53}},"8":{"start":{"line":16,"column":0},"end":{"line":19,"column":55}},"9":{"start":{"line":21,"column":0},"end":{"line":24,"column":43}},"10":{"start":{"line":28,"column":0},"end":{"line":28,"column":24}}},"fnMap":{},"branchMap":{},"s":{"0":1,"1":1,"2":1,"3":1,"4":1,"5":1,"6":1,"7":1,"8":1,"9":1,"10":1},"f":{},"b":{},"_coverageSchema":"1a1c01bbd47fc00a2c39e90264f33305004495a9","hash":"1ec29da856c67536fa20d53e8c1e45cb7da97ec5"}
,"C:\\Users\\Eduardo\\Desktop\\Documentos\\Fac\\2º ano\\Eco+ Project\\Código\\ecoplus\\server\\api-ecoplus\\routes\\occurrences.routes.js": {"path":"C:\\Users\\Eduardo\\Desktop\\Documentos\\Fac\\2º ano\\Eco+ Project\\Código\\ecoplus\\server\\api-ecoplus\\routes\\occurrences.routes.js","statementMap":{"0":{"start":{"line":1,"column":16},"end":{"line":1,"column":34}},"1":{"start":{"line":2,"column":15},"end":{"line":2,"column":31}},"2":{"start":{"line":5,"column":30},"end":{"line":5,"column":78}},"3":{"start":{"line":6,"column":25},"end":{"line":6,"column":71}},"4":{"start":{"line":7,"column":13},"end":{"line":7,"column":54}},"5":{"start":{"line":10,"column":0},"end":{"line":12,"column":93}},"6":{"start":{"line":14,"column":0},"end":{"line":18,"column":60}},"7":{"start":{"line":21,"column":0},"end":{"line":21,"column":24}}},"fnMap":{},"branchMap":{},"s":{"0":1,"1":1,"2":1,"3":1,"4":1,"5":1,"6":1,"7":1},"f":{},"b":{},"_coverageSchema":"1a1c01bbd47fc00a2c39e90264f33305004495a9","hash":"eda88d3173639b17081b67d41347e4db48e3033a"}
,"C:\\Users\\Eduardo\\Desktop\\Documentos\\Fac\\2º ano\\Eco+ Project\\Código\\ecoplus\\server\\api-ecoplus\\routes\\rating.routes.js": {"path":"C:\\Users\\Eduardo\\Desktop\\Documentos\\Fac\\2º ano\\Eco+ Project\\Código\\ecoplus\\server\\api-ecoplus\\routes\\rating.routes.js","statementMap":{"0":{"start":{"line":1,"column":16},"end":{"line":1,"column":34}},"1":{"start":{"line":2,"column":15},"end":{"line":2,"column":50}},"2":{"start":{"line":5,"column":25},"end":{"line":5,"column":71}},"3":{"start":{"line":6,"column":13},"end":{"line":6,"column":57}},"4":{"start":{"line":8,"column":0},"end":{"line":11,"column":54}},"5":{"start":{"line":15,"column":0},"end":{"line":15,"column":24}}},"fnMap":{},"branchMap":{},"s":{"0":1,"1":1,"2":1,"3":1,"4":1,"5":1},"f":{},"b":{},"_coverageSchema":"1a1c01bbd47fc00a2c39e90264f33305004495a9","hash":"03ffaa5540f704cc0f44bc82a3c4304a3a32a895"}
,"C:\\Users\\Eduardo\\Desktop\\Documentos\\Fac\\2º ano\\Eco+ Project\\Código\\ecoplus\\server\\api-ecoplus\\routes\\users.routes.js": {"path":"C:\\Users\\Eduardo\\Desktop\\Documentos\\Fac\\2º ano\\Eco+ Project\\Código\\ecoplus\\server\\api-ecoplus\\routes\\users.routes.js","statementMap":{"0":{"start":{"line":1,"column":16},"end":{"line":1,"column":34}},"1":{"start":{"line":2,"column":15},"end":{"line":2,"column":31}},"2":{"start":{"line":3,"column":23},"end":{"line":3,"column":68}},"3":{"start":{"line":4,"column":23},"end":{"line":4,"column":67}},"4":{"start":{"line":8,"column":0},"end":{"line":18,"column":5}},"5":{"start":{"line":9,"column":18},"end":{"line":9,"column":28}},"6":{"start":{"line":10,"column":4},"end":{"line":16,"column":7}},"7":{"start":{"line":12,"column":26},"end":{"line":12,"column":53}},"8":{"start":{"line":13,"column":6},"end":{"line":15,"column":8}},"9":{"start":{"line":17,"column":4},"end":{"line":17,"column":11}},"10":{"start":{"line":20,"column":0},"end":{"line":22,"column":36}},"11":{"start":{"line":24,"column":0},"end":{"line":25,"column":35}},"12":{"start":{"line":27,"column":0},"end":{"line":31,"column":64}},"13":{"start":{"line":34,"column":0},"end":{"line":34,"column":24}}},"fnMap":{"0":{"name":"(anonymous_0)","decl":{"start":{"line":8,"column":11},"end":{"line":8,"column":12}},"loc":{"start":{"line":8,"column":31},"end":{"line":18,"column":3}},"line":8},"1":{"name":"(anonymous_1)","decl":{"start":{"line":10,"column":21},"end":{"line":10,"column":22}},"loc":{"start":{"line":10,"column":27},"end":{"line":16,"column":5}},"line":10}},"branchMap":{},"s":{"0":1,"1":1,"2":1,"3":1,"4":1,"5":26,"6":26,"7":26,"8":26,"9":26,"10":1,"11":1,"12":1,"13":1},"f":{"0":26,"1":26},"b":{},"_coverageSchema":"1a1c01bbd47fc00a2c39e90264f33305004495a9","hash":"e9a8e95b985131022314412cf2642e1bc02084d1"}
,"C:\\Users\\Eduardo\\Desktop\\Documentos\\Fac\\2º ano\\Eco+ Project\\Código\\ecoplus\\server\\api-ecoplus\\utilities\\messages.js": {"path":"C:\\Users\\Eduardo\\Desktop\\Documentos\\Fac\\2º ano\\Eco+ Project\\Código\\ecoplus\\server\\api-ecoplus\\utilities\\messages.js","statementMap":{"0":{"start":{"line":2,"column":0},"end":{"line":4,"column":2}},"1":{"start":{"line":3,"column":4},"end":{"line":3,"column":17}},"2":{"start":{"line":7,"column":0},"end":{"line":9,"column":2}},"3":{"start":{"line":8,"column":4},"end":{"line":8,"column":52}},"4":{"start":{"line":12,"column":0},"end":{"line":14,"column":2}},"5":{"start":{"line":13,"column":4},"end":{"line":13,"column":30}},"6":{"start":{"line":17,"column":0},"end":{"line":22,"column":2}},"7":{"start":{"line":18,"column":4},"end":{"line":18,"column":22}},"8":{"start":{"line":19,"column":4},"end":{"line":21,"column":96}},"9":{"start":{"line":19,"column":26},"end":{"line":19,"column":92}},"10":{"start":{"line":20,"column":9},"end":{"line":21,"column":96}},"11":{"start":{"line":20,"column":31},"end":{"line":20,"column":95}},"12":{"start":{"line":21,"column":9},"end":{"line":21,"column":96}},"13":{"start":{"line":21,"column":31},"end":{"line":21,"column":96}},"14":{"start":{"line":21,"column":83},"end":{"line":21,"column":92}},"15":{"start":{"line":25,"column":0},"end":{"line":27,"column":2}},"16":{"start":{"line":26,"column":4},"end":{"line":26,"column":65}},"17":{"start":{"line":30,"column":0},"end":{"line":32,"column":2}},"18":{"start":{"line":31,"column":4},"end":{"line":31,"column":75}},"19":{"start":{"line":35,"column":0},"end":{"line":37,"column":2}},"20":{"start":{"line":36,"column":4},"end":{"line":36,"column":63}},"21":{"start":{"line":40,"column":0},"end":{"line":42,"column":2}},"22":{"start":{"line":41,"column":4},"end":{"line":41,"column":84}}},"fnMap":{"0":{"name":"(anonymous_0)","decl":{"start":{"line":2,"column":20},"end":{"line":2,"column":21}},"loc":{"start":{"line":2,"column":32},"end":{"line":4,"column":1}},"line":2},"1":{"name":"(anonymous_1)","decl":{"start":{"line":7,"column":25},"end":{"line":7,"column":26}},"loc":{"start":{"line":7,"column":39},"end":{"line":9,"column":1}},"line":7},"2":{"name":"(anonymous_2)","decl":{"start":{"line":12,"column":26},"end":{"line":12,"column":27}},"loc":{"start":{"line":12,"column":32},"end":{"line":14,"column":1}},"line":12},"3":{"name":"(anonymous_3)","decl":{"start":{"line":17,"column":26},"end":{"line":17,"column":27}},"loc":{"start":{"line":17,"column":60},"end":{"line":22,"column":1}},"line":17},"4":{"name":"(anonymous_4)","decl":{"start":{"line":21,"column":78},"end":{"line":21,"column":79}},"loc":{"start":{"line":21,"column":83},"end":{"line":21,"column":92}},"line":21},"5":{"name":"(anonymous_5)","decl":{"start":{"line":25,"column":27},"end":{"line":25,"column":28}},"loc":{"start":{"line":25,"column":33},"end":{"line":27,"column":1}},"line":25},"6":{"name":"(anonymous_6)","decl":{"start":{"line":30,"column":25},"end":{"line":30,"column":26}},"loc":{"start":{"line":30,"column":31},"end":{"line":32,"column":1}},"line":30},"7":{"name":"(anonymous_7)","decl":{"start":{"line":35,"column":24},"end":{"line":35,"column":25}},"loc":{"start":{"line":35,"column":38},"end":{"line":37,"column":1}},"line":35},"8":{"name":"(anonymous_8)","decl":{"start":{"line":40,"column":35},"end":{"line":40,"column":36}},"loc":{"start":{"line":40,"column":41},"end":{"line":42,"column":1}},"line":40}},"branchMap":{"0":{"loc":{"start":{"line":19,"column":4},"end":{"line":21,"column":96}},"type":"if","locations":[{"start":{"line":19,"column":4},"end":{"line":21,"column":96}},{"start":{"line":20,"column":9},"end":{"line":21,"column":96}}],"line":19},"1":{"loc":{"start":{"line":20,"column":9},"end":{"line":21,"column":96}},"type":"if","locations":[{"start":{"line":20,"column":9},"end":{"line":21,"column":96}},{"start":{"line":21,"column":9},"end":{"line":21,"column":96}}],"line":20},"2":{"loc":{"start":{"line":21,"column":9},"end":{"line":21,"column":96}},"type":"if","locations":[{"start":{"line":21,"column":9},"end":{"line":21,"column":96}},{"start":{},"end":{}}],"line":21}},"s":{"0":1,"1":0,"2":1,"3":0,"4":1,"5":0,"6":1,"7":7,"8":7,"9":0,"10":7,"11":7,"12":0,"13":0,"14":0,"15":1,"16":0,"17":1,"18":0,"19":1,"20":0,"21":1,"22":0},"f":{"0":0,"1":0,"2":0,"3":7,"4":0,"5":0,"6":0,"7":0,"8":0},"b":{"0":[0,7],"1":[7,0],"2":[0,0]},"_coverageSchema":"1a1c01bbd47fc00a2c39e90264f33305004495a9","hash":"7103fedbae05c5d99ed95cc3bd27867f73e2e26f"}
,"C:\\Users\\Eduardo\\Desktop\\Documentos\\Fac\\2º ano\\Eco+ Project\\Código\\ecoplus\\server\\api-ecoplus\\utilities\\validation.js": {"path":"C:\\Users\\Eduardo\\Desktop\\Documentos\\Fac\\2º ano\\Eco+ Project\\Código\\ecoplus\\server\\api-ecoplus\\utilities\\validation.js","statementMap":{"0":{"start":{"line":1,"column":0},"end":{"line":7,"column":1}},"1":{"start":{"line":2,"column":27},"end":{"line":2,"column":67}},"2":{"start":{"line":3,"column":21},"end":{"line":3,"column":33}},"3":{"start":{"line":5,"column":4},"end":{"line":5,"column":55}},"4":{"start":{"line":5,"column":43},"end":{"line":5,"column":55}},"5":{"start":{"line":6,"column":4},"end":{"line":6,"column":17}},"6":{"start":{"line":9,"column":0},"end":{"line":11,"column":1}},"7":{"start":{"line":10,"column":4},"end":{"line":10,"column":34}},"8":{"start":{"line":13,"column":0},"end":{"line":19,"column":1}},"9":{"start":{"line":14,"column":17},"end":{"line":14,"column":27}},"10":{"start":{"line":15,"column":22},"end":{"line":15,"column":129}},"11":{"start":{"line":16,"column":4},"end":{"line":18,"column":21}},"12":{"start":{"line":17,"column":8},"end":{"line":17,"column":21}},"13":{"start":{"line":18,"column":9},"end":{"line":18,"column":21}},"14":{"start":{"line":21,"column":0},"end":{"line":26,"column":2}},"15":{"start":{"line":22,"column":4},"end":{"line":24,"column":5}},"16":{"start":{"line":23,"column":8},"end":{"line":23,"column":50}},"17":{"start":{"line":23,"column":37},"end":{"line":23,"column":50}},"18":{"start":{"line":25,"column":4},"end":{"line":25,"column":16}}},"fnMap":{"0":{"name":"(anonymous_0)","decl":{"start":{"line":1,"column":26},"end":{"line":1,"column":27}},"loc":{"start":{"line":1,"column":36},"end":{"line":7,"column":1}},"line":1},"1":{"name":"(anonymous_1)","decl":{"start":{"line":9,"column":25},"end":{"line":9,"column":26}},"loc":{"start":{"line":9,"column":37},"end":{"line":11,"column":1}},"line":9},"2":{"name":"(anonymous_2)","decl":{"start":{"line":13,"column":26},"end":{"line":13,"column":27}},"loc":{"start":{"line":13,"column":42},"end":{"line":19,"column":1}},"line":13},"3":{"name":"(anonymous_3)","decl":{"start":{"line":21,"column":26},"end":{"line":21,"column":27}},"loc":{"start":{"line":21,"column":37},"end":{"line":26,"column":1}},"line":21}},"branchMap":{"0":{"loc":{"start":{"line":5,"column":4},"end":{"line":5,"column":55}},"type":"if","locations":[{"start":{"line":5,"column":4},"end":{"line":5,"column":55}},{"start":{},"end":{}}],"line":5},"1":{"loc":{"start":{"line":16,"column":4},"end":{"line":18,"column":21}},"type":"if","locations":[{"start":{"line":16,"column":4},"end":{"line":18,"column":21}},{"start":{"line":18,"column":9},"end":{"line":18,"column":21}}],"line":16},"2":{"loc":{"start":{"line":16,"column":7},"end":{"line":16,"column":58}},"type":"binary-expr","locations":[{"start":{"line":16,"column":7},"end":{"line":16,"column":24}},{"start":{"line":16,"column":28},"end":{"line":16,"column":39}},{"start":{"line":16,"column":43},"end":{"line":16,"column":58}}],"line":16},"3":{"loc":{"start":{"line":23,"column":8},"end":{"line":23,"column":50}},"type":"if","locations":[{"start":{"line":23,"column":8},"end":{"line":23,"column":50}},{"start":{},"end":{}}],"line":23}},"s":{"0":1,"1":0,"2":0,"3":0,"4":0,"5":0,"6":1,"7":0,"8":1,"9":2,"10":2,"11":2,"12":2,"13":0,"14":1,"15":0,"16":0,"17":0,"18":0},"f":{"0":0,"1":0,"2":2,"3":0},"b":{"0":[0,0],"1":[2,0],"2":[2,0,0],"3":[0,0]},"_coverageSchema":"1a1c01bbd47fc00a2c39e90264f33305004495a9","hash":"32ed0660b0999eb1b2813503d6f613e837143020"}
}
